<?xml version="1.0" encoding="UTF-8"?>
<coverage generated="1782828838977" clover="3.2.0">
  <project timestamp="1782828838977" name="All files">
    <metrics statements="141" coveredstatements="131" conditionals="212" coveredconditionals="190" methods="47" coveredmethods="42" elements="400" coveredelements="363" complexity="0" loc="141" ncloc="141" packages="4" files="10" classes="10"/>
    <package name="components">
      <metrics statements="47" coveredstatements="47" conditionals="74" coveredconditionals="70" methods="3" coveredmethods="3"/>
      <file name="ProtectedRoute.jsx" path="C:\Users\Cristopher\Desktop\pymeweb\proyecto\frontend\src\components\ProtectedRoute.jsx">
        <metrics statements="5" coveredstatements="5" conditionals="2" coveredconditionals="2" methods="1" coveredmethods="1"/>
        <line num="5" count="1" type="stmt"/>
        <line num="6" count="2" type="stmt"/>
        <line num="8" count="2" type="cond" truecount="2" falsecount="0"/>
        <line num="9" count="1" type="stmt"/>
        <line num="12" count="1" type="stmt"/>
      </file>
      <file name="RenderizadorSeccion.jsx" path="C:\Users\Cristopher\Desktop\pymeweb\proyecto\frontend\src\components\RenderizadorSeccion.jsx">
        <metrics statements="42" coveredstatements="42" conditionals="72" coveredconditionals="68" methods="2" coveredmethods="2"/>
        <line num="5" count="1" type="cond" truecount="1" falsecount="0"/>
        <line num="6" count="18" type="stmt"/>
        <line num="7" count="18" type="stmt"/>
        <line num="9" count="18" type="stmt"/>
        <line num="15" count="18" type="cond" truecount="2" falsecount="0"/>
        <line num="17" count="17" type="cond" truecount="2" falsecount="0"/>
        <line num="18" count="18" type="cond" truecount="2" falsecount="0"/>
        <line num="21" count="18" type="stmt"/>
        <line num="28" count="18" type="stmt"/>
        <line num="30" count="18" type="cond" truecount="5" falsecount="0"/>
        <line num="31" count="2" type="cond" truecount="2" falsecount="0"/>
        <line num="32" count="1" type="cond" truecount="1" falsecount="1"/>
        <line num="33" count="1" type="stmt"/>
        <line num="34" count="2" type="stmt"/>
        <line num="38" count="17" type="stmt"/>
        <line num="39" count="18" type="cond" truecount="5" falsecount="0"/>
        <line num="40" count="2" type="cond" truecount="4" falsecount="0"/>
        <line num="41" count="1" type="stmt"/>
        <line num="45" count="17" type="cond" truecount="5" falsecount="0"/>
        <line num="46" count="15" type="stmt"/>
        <line num="47" count="15" type="cond" truecount="1" falsecount="1"/>
        <line num="48" count="15" type="cond" truecount="2" falsecount="0"/>
        <line num="49" count="14" type="cond" truecount="2" falsecount="0"/>
        <line num="50" count="11" type="cond" truecount="2" falsecount="0"/>
        <line num="51" count="10" type="cond" truecount="2" falsecount="0"/>
        <line num="52" count="2" type="cond" truecount="2" falsecount="0"/>
        <line num="53" count="2" type="stmt"/>
        <line num="55" count="8" type="cond" truecount="2" falsecount="0"/>
        <line num="56" count="2" type="cond" truecount="2" falsecount="0"/>
        <line num="57" count="2" type="cond" truecount="2" falsecount="0"/>
        <line num="59" count="6" type="cond" truecount="2" falsecount="0"/>
        <line num="60" count="5" type="cond" truecount="2" falsecount="0"/>
        <line num="61" count="4" type="cond" truecount="2" falsecount="0"/>
        <line num="62" count="3" type="stmt"/>
        <line num="65" count="15" type="cond" truecount="1" falsecount="1"/>
        <line num="66" count="15" type="stmt"/>
        <line num="70" count="17" type="cond" truecount="1" falsecount="1"/>
        <line num="73" count="18" type="cond" truecount="2" falsecount="0"/>
        <line num="74" count="17" type="cond" truecount="2" falsecount="0"/>
        <line num="75" count="17" type="cond" truecount="2" falsecount="0"/>
        <line num="76" count="17" type="cond" truecount="2" falsecount="0"/>
        <line num="78" count="17" type="stmt"/>
      </file>
    </package>
    <package name="pages">
      <metrics statements="94" coveredstatements="84" conditionals="138" coveredconditionals="120" methods="44" coveredmethods="39"/>
      <file name="EditorWeb.jsx" path="C:\Users\Cristopher\Desktop\pymeweb\proyecto\frontend\src\pages\EditorWeb.jsx">
        <metrics statements="78" coveredstatements="68" conditionals="104" coveredconditionals="86" methods="40" coveredmethods="35"/>
        <line num="8" count="1" type="stmt"/>
        <line num="44" count="14" type="stmt"/>
        <line num="48" count="14" type="stmt"/>
        <line num="49" count="14" type="stmt"/>
        <line num="51" count="14" type="stmt"/>
        <line num="53" count="14" type="stmt"/>
        <line num="54" count="1" type="stmt"/>
        <line num="55" count="1" type="cond" truecount="1" falsecount="1"/>
        <line num="56" count="1" type="stmt"/>
        <line num="59" count="14" type="stmt"/>
        <line num="60" count="1" type="stmt"/>
        <line num="61" count="1" type="stmt"/>
        <line num="64" count="14" type="stmt"/>
        <line num="71" count="42" type="stmt"/>
        <line num="73" count="42" type="stmt"/>
        <line num="81" count="1" type="cond" truecount="1" falsecount="1"/>
        <line num="83" count="1" type="stmt"/>
        <line num="85" count="1" type="stmt"/>
        <line num="86" count="1" type="stmt"/>
        <line num="118" count="27" type="cond" truecount="4" falsecount="0"/>
        <line num="119" count="1" type="stmt"/>
        <line num="122" count="26" type="stmt"/>
        <line num="123" count="26" type="cond" truecount="2" falsecount="2"/>
        <line num="128" count="27" type="stmt"/>
        <line num="130" count="27" type="cond" truecount="2" falsecount="0"/>
        <line num="131" count="3" type="cond" truecount="3" falsecount="1"/>
        <line num="132" count="0" type="cond" truecount="0" falsecount="2"/>
        <line num="133" count="0" type="cond" truecount="0" falsecount="2"/>
        <line num="135" count="3" type="stmt"/>
        <line num="136" count="3" type="stmt"/>
        <line num="139" count="23" type="cond" truecount="3" falsecount="1"/>
        <line num="140" count="23" type="cond" truecount="3" falsecount="3"/>
        <line num="143" count="26" type="stmt"/>
        <line num="147" count="1" type="stmt"/>
        <line num="180" count="72" type="cond" truecount="3" falsecount="1"/>
        <line num="181" count="72" type="cond" truecount="2" falsecount="0"/>
        <line num="183" count="66" type="cond" truecount="4" falsecount="0"/>
        <line num="184" count="42" type="cond" truecount="7" falsecount="0"/>
        <line num="185" count="3" type="stmt"/>
        <line num="187" count="39" type="cond" truecount="7" falsecount="0"/>
        <line num="190" count="3" type="stmt"/>
        <line num="192" count="36" type="cond" truecount="3" falsecount="1"/>
        <line num="193" count="0" type="stmt"/>
        <line num="195" count="36" type="cond" truecount="3" falsecount="1"/>
        <line num="196" count="0" type="stmt"/>
        <line num="198" count="36" type="stmt"/>
        <line num="200" count="36" type="stmt"/>
        <line num="206" count="1" type="stmt"/>
        <line num="211" count="1" type="stmt"/>
        <line num="216" count="1" type="stmt"/>
        <line num="228" count="1" type="stmt"/>
        <line num="233" count="1" type="stmt"/>
        <line num="239" count="1" type="stmt"/>
        <line num="245" count="1" type="stmt"/>
        <line num="251" count="1" type="stmt"/>
        <line num="263" count="1" type="stmt"/>
        <line num="268" count="1" type="stmt"/>
        <line num="274" count="1" type="stmt"/>
        <line num="280" count="1" type="stmt"/>
        <line num="286" count="1" type="stmt"/>
        <line num="298" count="1" type="stmt"/>
        <line num="303" count="1" type="stmt"/>
        <line num="309" count="1" type="stmt"/>
        <line num="315" count="1" type="stmt"/>
        <line num="322" count="1" type="stmt"/>
        <line num="328" count="1" type="stmt"/>
        <line num="354" count="0" type="stmt"/>
        <line num="368" count="0" type="stmt"/>
        <line num="387" count="0" type="stmt"/>
        <line num="401" count="0" type="stmt"/>
        <line num="425" count="2" type="stmt"/>
        <line num="433" count="1" type="stmt"/>
        <line num="441" count="1" type="stmt"/>
        <line num="459" count="6" type="cond" truecount="2" falsecount="0"/>
        <line num="460" count="6" type="cond" truecount="2" falsecount="0"/>
        <line num="461" count="6" type="stmt"/>
        <line num="470" count="0" type="stmt"/>
        <line num="471" count="0" type="stmt"/>
      </file>
      <file name="Login.jsx" path="C:\Users\Cristopher\Desktop\pymeweb\proyecto\frontend\src\pages\Login.jsx">
        <metrics statements="3" coveredstatements="3" conditionals="6" coveredconditionals="6" methods="1" coveredmethods="1"/>
        <line num="6" count="1" type="stmt"/>
        <line num="13" count="6" type="stmt"/>
        <line num="16" count="6" type="stmt"/>
      </file>
      <file name="PaginaPublica.jsx" path="C:\Users\Cristopher\Desktop\pymeweb\proyecto\frontend\src\pages\PaginaPublica.jsx">
        <metrics statements="10" coveredstatements="10" conditionals="12" coveredconditionals="12" methods="2" coveredmethods="2"/>
        <line num="7" count="1" type="stmt"/>
        <line num="8" count="2" type="stmt"/>
        <line num="13" count="2" type="stmt"/>
        <line num="16" count="2" type="stmt"/>
        <line num="20" count="6" type="cond" truecount="4" falsecount="0"/>
        <line num="21" count="1" type="stmt"/>
        <line num="24" count="5" type="stmt"/>
        <line num="25" count="5" type="cond" truecount="4" falsecount="0"/>
        <line num="28" count="6" type="cond" truecount="4" falsecount="0"/>
        <line num="32" count="6" type="stmt"/>
      </file>
      <file name="Registro.jsx" path="C:\Users\Cristopher\Desktop\pymeweb\proyecto\frontend\src\pages\Registro.jsx">
        <metrics statements="3" coveredstatements="3" conditionals="16" coveredconditionals="16" methods="1" coveredmethods="1"/>
        <line num="6" count="1" type="stmt"/>
        <line num="15" count="10" type="stmt"/>
        <line num="18" count="10" type="stmt"/>
      </file>
    </package>
    <package name="styles.components">
      <metrics statements="0" coveredstatements="0" conditionals="0" coveredconditionals="0" methods="0" coveredmethods="0"/>
      <file name="RenderizadorSeccion.css" path="C:\Users\Cristopher\Desktop\pymeweb\proyecto\frontend\src\styles\components\RenderizadorSeccion.css">
        <metrics statements="0" coveredstatements="0" conditionals="0" coveredconditionals="0" methods="0" coveredmethods="0"/>
      </file>
    </package>
    <package name="styles.pages">
      <metrics statements="0" coveredstatements="0" conditionals="0" coveredconditionals="0" methods="0" coveredmethods="0"/>
      <file name="Auth.css" path="C:\Users\Cristopher\Desktop\pymeweb\proyecto\frontend\src\styles\pages\Auth.css">
        <metrics statements="0" coveredstatements="0" conditionals="0" coveredconditionals="0" methods="0" coveredmethods="0"/>
      </file>
      <file name="EditorWeb.css" path="C:\Users\Cristopher\Desktop\pymeweb\proyecto\frontend\src\styles\pages\EditorWeb.css">
        <metrics statements="0" coveredstatements="0" conditionals="0" coveredconditionals="0" methods="0" coveredmethods="0"/>
      </file>
      <file name="PaginaPublica.css" path="C:\Users\Cristopher\Desktop\pymeweb\proyecto\frontend\src\styles\pages\PaginaPublica.css">
        <metrics statements="0" coveredstatements="0" conditionals="0" coveredconditionals="0" methods="0" coveredmethods="0"/>
      </file>
    </package>
  </project>
</coverage>
