<?xml version="1.0" encoding="UTF-8"?>
<coverage generated="1782791952544" clover="3.2.0">
  <project timestamp="1782791952544" name="All files">
    <metrics statements="84" coveredstatements="84" conditionals="113" coveredconditionals="107" methods="40" coveredmethods="40" elements="237" coveredelements="231" complexity="0" loc="84" ncloc="84" packages="3" files="9" classes="9"/>
    <package name="components">
      <metrics statements="11" coveredstatements="11" conditionals="13" coveredconditionals="13" methods="2" coveredmethods="2"/>
      <file name="ProtectedRoute.jsx" path="C:\Users\Cristopher\Desktop\pymeweb\proyecto\frontend\src\components\ProtectedRoute.jsx">
        <metrics statements="5" coveredstatements="5" conditionals="2" coveredconditionals="2" methods="1" coveredmethods="1"/>
        <line num="5" count="1" type="stmt"/>
        <line num="6" count="2" type="stmt"/>
        <line num="8" count="2" type="cond" truecount="2" falsecount="0"/>
        <line num="9" count="1" type="stmt"/>
        <line num="12" count="1" type="stmt"/>
      </file>
      <file name="RenderizadorSeccion.jsx" path="C:\Users\Cristopher\Desktop\pymeweb\proyecto\frontend\src\components\RenderizadorSeccion.jsx">
        <metrics statements="6" coveredstatements="6" conditionals="11" coveredconditionals="11" methods="1" coveredmethods="1"/>
        <line num="4" count="1" type="cond" truecount="1" falsecount="0"/>
        <line num="5" count="3" type="stmt"/>
        <line num="11" count="3" type="cond" truecount="2" falsecount="0"/>
        <line num="13" count="2" type="cond" truecount="2" falsecount="0"/>
        <line num="16" count="3" type="stmt"/>
        <line num="22" count="3" type="stmt"/>
      </file>
    </package>
    <package name="pages">
      <metrics statements="73" coveredstatements="73" conditionals="100" coveredconditionals="94" methods="38" coveredmethods="38"/>
      <file name="EditorWeb.jsx" path="C:\Users\Cristopher\Desktop\pymeweb\proyecto\frontend\src\pages\EditorWeb.jsx">
        <metrics statements="57" coveredstatements="57" conditionals="66" coveredconditionals="60" methods="34" coveredmethods="34"/>
        <line num="8" count="1" type="stmt"/>
        <line num="42" count="14" type="stmt"/>
        <line num="45" count="14" type="stmt"/>
        <line num="47" count="14" type="stmt"/>
        <line num="48" count="1" type="cond" truecount="1" falsecount="1"/>
        <line num="49" count="1" type="stmt"/>
        <line num="52" count="14" type="stmt"/>
        <line num="53" count="1" type="stmt"/>
        <line num="54" count="1" type="stmt"/>
        <line num="57" count="14" type="stmt"/>
        <line num="64" count="42" type="stmt"/>
        <line num="66" count="42" type="stmt"/>
        <line num="74" count="1" type="cond" truecount="1" falsecount="1"/>
        <line num="76" count="1" type="stmt"/>
        <line num="78" count="1" type="stmt"/>
        <line num="79" count="1" type="stmt"/>
        <line num="111" count="27" type="cond" truecount="4" falsecount="0"/>
        <line num="112" count="1" type="stmt"/>
        <line num="115" count="26" type="stmt"/>
        <line num="116" count="26" type="cond" truecount="2" falsecount="2"/>
        <line num="119" count="27" type="cond" truecount="3" falsecount="1"/>
        <line num="123" count="27" type="cond" truecount="3" falsecount="1"/>
        <line num="127" count="27" type="stmt"/>
        <line num="131" count="1" type="stmt"/>
        <line num="163" count="72" type="cond" truecount="2" falsecount="0"/>
        <line num="164" count="66" type="cond" truecount="7" falsecount="0"/>
        <line num="165" count="4" type="stmt"/>
        <line num="167" count="62" type="cond" truecount="7" falsecount="0"/>
        <line num="170" count="4" type="stmt"/>
        <line num="172" count="58" type="cond" truecount="4" falsecount="0"/>
        <line num="173" count="1" type="stmt"/>
        <line num="175" count="57" type="cond" truecount="4" falsecount="0"/>
        <line num="176" count="1" type="stmt"/>
        <line num="178" count="56" type="stmt"/>
        <line num="180" count="56" type="stmt"/>
        <line num="186" count="1" type="stmt"/>
        <line num="191" count="1" type="stmt"/>
        <line num="196" count="1" type="stmt"/>
        <line num="208" count="1" type="stmt"/>
        <line num="213" count="1" type="stmt"/>
        <line num="219" count="1" type="stmt"/>
        <line num="225" count="1" type="stmt"/>
        <line num="231" count="1" type="stmt"/>
        <line num="243" count="1" type="stmt"/>
        <line num="248" count="1" type="stmt"/>
        <line num="254" count="1" type="stmt"/>
        <line num="260" count="1" type="stmt"/>
        <line num="266" count="1" type="stmt"/>
        <line num="278" count="1" type="stmt"/>
        <line num="283" count="1" type="stmt"/>
        <line num="289" count="1" type="stmt"/>
        <line num="295" count="1" type="stmt"/>
        <line num="302" count="1" type="stmt"/>
        <line num="308" count="1" type="stmt"/>
        <line num="332" count="2" type="stmt"/>
        <line num="340" count="1" type="stmt"/>
        <line num="348" count="1" type="stmt"/>
      </file>
      <file name="Login.jsx" path="C:\Users\Cristopher\Desktop\pymeweb\proyecto\frontend\src\pages\Login.jsx">
        <metrics statements="3" coveredstatements="3" conditionals="6" coveredconditionals="6" methods="1" coveredmethods="1"/>
        <line num="6" count="1" type="stmt"/>
        <line num="13" count="6" type="stmt"/>
        <line num="16" count="6" type="stmt"/>
      </file>
      <file name="PaginaPublica.jsx" path="C:\Users\Cristopher\Desktop\pymeweb\proyecto\frontend\src\pages\PaginaPublica.jsx">
        <metrics statements="10" coveredstatements="10" conditionals="12" coveredconditionals="12" methods="2" coveredmethods="2"/>
        <line num="7" count="1" type="stmt"/>
        <line num="8" count="2" type="stmt"/>
        <line num="13" count="2" type="stmt"/>
        <line num="16" count="2" type="stmt"/>
        <line num="20" count="6" type="cond" truecount="4" falsecount="0"/>
        <line num="21" count="1" type="stmt"/>
        <line num="24" count="5" type="stmt"/>
        <line num="25" count="5" type="cond" truecount="4" falsecount="0"/>
        <line num="28" count="6" type="cond" truecount="4" falsecount="0"/>
        <line num="32" count="6" type="stmt"/>
      </file>
      <file name="Registro.jsx" path="C:\Users\Cristopher\Desktop\pymeweb\proyecto\frontend\src\pages\Registro.jsx">
        <metrics statements="3" coveredstatements="3" conditionals="16" coveredconditionals="16" methods="1" coveredmethods="1"/>
        <line num="6" count="1" type="stmt"/>
        <line num="15" count="10" type="stmt"/>
        <line num="18" count="10" type="stmt"/>
      </file>
    </package>
    <package name="styles.pages">
      <metrics statements="0" coveredstatements="0" conditionals="0" coveredconditionals="0" methods="0" coveredmethods="0"/>
      <file name="Auth.css" path="C:\Users\Cristopher\Desktop\pymeweb\proyecto\frontend\src\styles\pages\Auth.css">
        <metrics statements="0" coveredstatements="0" conditionals="0" coveredconditionals="0" methods="0" coveredmethods="0"/>
      </file>
      <file name="EditorWeb.css" path="C:\Users\Cristopher\Desktop\pymeweb\proyecto\frontend\src\styles\pages\EditorWeb.css">
        <metrics statements="0" coveredstatements="0" conditionals="0" coveredconditionals="0" methods="0" coveredmethods="0"/>
      </file>
      <file name="PaginaPublica.css" path="C:\Users\Cristopher\Desktop\pymeweb\proyecto\frontend\src\styles\pages\PaginaPublica.css">
        <metrics statements="0" coveredstatements="0" conditionals="0" coveredconditionals="0" methods="0" coveredmethods="0"/>
      </file>
    </package>
  </project>
</coverage>
