{"C:\\Users\\Cristopher\\Desktop\\pymeweb\\proyecto\\frontend\\src\\components\\ProtectedRoute.jsx": {"path":"C:\\Users\\Cristopher\\Desktop\\pymeweb\\proyecto\\frontend\\src\\components\\ProtectedRoute.jsx","statementMap":{"0":{"start":{"line":5,"column":6},"end":{"line":13,"column":null}},"1":{"start":{"line":6,"column":20},"end":{"line":6,"column":null}},"2":{"start":{"line":8,"column":2},"end":{"line":10,"column":null}},"3":{"start":{"line":9,"column":4},"end":{"line":9,"column":null}},"4":{"start":{"line":12,"column":2},"end":{"line":12,"column":null}}},"fnMap":{"0":{"name":"(anonymous_0)","decl":{"start":{"line":5,"column":6},"end":{"line":5,"column":24}},"loc":{"start":{"line":5,"column":41},"end":{"line":13,"column":null}},"line":5}},"branchMap":{"0":{"loc":{"start":{"line":8,"column":2},"end":{"line":10,"column":null}},"type":"if","locations":[{"start":{"line":8,"column":2},"end":{"line":10,"column":null}},{"start":{},"end":{}}],"line":8}},"s":{"0":1,"1":2,"2":2,"3":1,"4":1},"f":{"0":2},"b":{"0":[1,1]},"meta":{"lastBranch":1,"lastFunction":1,"lastStatement":5,"seen":{"s:5:6:13:Infinity":0,"f:5:6:5:24":0,"s:6:20:6:Infinity":1,"b:8:2:10:Infinity:undefined:undefined:undefined:undefined":0,"s:8:2:10:Infinity":2,"s:9:4:9:Infinity":3,"s:12:2:12:Infinity":4},"fnNames":{}}}
,"C:\\Users\\Cristopher\\Desktop\\pymeweb\\proyecto\\frontend\\src\\components\\RenderizadorSeccion.jsx": {"path":"C:\\Users\\Cristopher\\Desktop\\pymeweb\\proyecto\\frontend\\src\\components\\RenderizadorSeccion.jsx","statementMap":{"0":{"start":{"line":5,"column":13},"end":{"line":83,"column":null}},"1":{"start":{"line":6,"column":10},"end":{"line":6,"column":null}},"2":{"start":{"line":7,"column":22},"end":{"line":7,"column":null}},"3":{"start":{"line":9,"column":24},"end":{"line":13,"column":null}},"4":{"start":{"line":15,"column":4},"end":{"line":15,"column":null}},"5":{"start":{"line":15,"column":21},"end":{"line":15,"column":null}},"6":{"start":{"line":17,"column":20},"end":{"line":17,"column":null}},"7":{"start":{"line":18,"column":25},"end":{"line":18,"column":null}},"8":{"start":{"line":21,"column":27},"end":{"line":25,"column":null}},"9":{"start":{"line":28,"column":19},"end":{"line":28,"column":null}},"10":{"start":{"line":30,"column":4},"end":{"line":35,"column":null}},"11":{"start":{"line":31,"column":8},"end":{"line":33,"column":null}},"12":{"start":{"line":31,"column":40},"end":{"line":31,"column":null}},"13":{"start":{"line":32,"column":13},"end":{"line":33,"column":null}},"14":{"start":{"line":32,"column":47},"end":{"line":32,"column":null}},"15":{"start":{"line":33,"column":13},"end":{"line":33,"column":null}},"16":{"start":{"line":34,"column":8},"end":{"line":34,"column":null}},"17":{"start":{"line":38,"column":22},"end":{"line":38,"column":null}},"18":{"start":{"line":39,"column":4},"end":{"line":42,"column":null}},"19":{"start":{"line":40,"column":8},"end":{"line":41,"column":null}},"20":{"start":{"line":40,"column":78},"end":{"line":40,"column":null}},"21":{"start":{"line":41,"column":13},"end":{"line":41,"column":null}},"22":{"start":{"line":45,"column":4},"end":{"line":67,"column":null}},"23":{"start":{"line":46,"column":14},"end":{"line":63,"column":null}},"24":{"start":{"line":47,"column":22},"end":{"line":47,"column":null}},"25":{"start":{"line":48,"column":12},"end":{"line":48,"column":null}},"26":{"start":{"line":48,"column":34},"end":{"line":48,"column":null}},"27":{"start":{"line":49,"column":12},"end":{"line":49,"column":null}},"28":{"start":{"line":49,"column":36},"end":{"line":49,"column":null}},"29":{"start":{"line":50,"column":12},"end":{"line":50,"column":null}},"30":{"start":{"line":50,"column":30},"end":{"line":50,"column":null}},"31":{"start":{"line":51,"column":12},"end":{"line":54,"column":null}},"32":{"start":{"line":52,"column":33},"end":{"line":52,"column":null}},"33":{"start":{"line":53,"column":16},"end":{"line":53,"column":null}},"34":{"start":{"line":55,"column":12},"end":{"line":58,"column":null}},"35":{"start":{"line":56,"column":34},"end":{"line":56,"column":null}},"36":{"start":{"line":57,"column":16},"end":{"line":57,"column":null}},"37":{"start":{"line":59,"column":12},"end":{"line":59,"column":null}},"38":{"start":{"line":59,"column":35},"end":{"line":59,"column":null}},"39":{"start":{"line":60,"column":12},"end":{"line":60,"column":null}},"40":{"start":{"line":60,"column":34},"end":{"line":60,"column":null}},"41":{"start":{"line":61,"column":12},"end":{"line":61,"column":null}},"42":{"start":{"line":61,"column":40},"end":{"line":61,"column":null}},"43":{"start":{"line":62,"column":12},"end":{"line":62,"column":null}},"44":{"start":{"line":65,"column":27},"end":{"line":65,"column":null}},"45":{"start":{"line":66,"column":8},"end":{"line":66,"column":null}},"46":{"start":{"line":70,"column":22},"end":{"line":70,"column":null}},"47":{"start":{"line":73,"column":4},"end":{"line":73,"column":null}},"48":{"start":{"line":73,"column":39},"end":{"line":73,"column":null}},"49":{"start":{"line":74,"column":4},"end":{"line":74,"column":null}},"50":{"start":{"line":74,"column":43},"end":{"line":74,"column":null}},"51":{"start":{"line":75,"column":4},"end":{"line":75,"column":null}},"52":{"start":{"line":75,"column":38},"end":{"line":75,"column":null}},"53":{"start":{"line":76,"column":4},"end":{"line":76,"column":null}},"54":{"start":{"line":76,"column":42},"end":{"line":76,"column":null}},"55":{"start":{"line":78,"column":4},"end":{"line":81,"column":null}}},"fnMap":{"0":{"name":"(anonymous_0)","decl":{"start":{"line":5,"column":13},"end":{"line":5,"column":36}},"loc":{"start":{"line":5,"column":97},"end":{"line":83,"column":null}},"line":5},"1":{"name":"(anonymous_1)","decl":{"start":{"line":46,"column":14},"end":{"line":46,"column":41}},"loc":{"start":{"line":46,"column":61},"end":{"line":63,"column":null}},"line":46}},"branchMap":{"0":{"loc":{"start":{"line":5,"column":66},"end":{"line":5,"column":97}},"type":"default-arg","locations":[{"start":{"line":5,"column":86},"end":{"line":5,"column":97}}],"line":5},"1":{"loc":{"start":{"line":15,"column":4},"end":{"line":15,"column":null}},"type":"if","locations":[{"start":{"line":15,"column":4},"end":{"line":15,"column":null}},{"start":{},"end":{}}],"line":15},"2":{"loc":{"start":{"line":17,"column":20},"end":{"line":17,"column":null}},"type":"binary-expr","locations":[{"start":{"line":17,"column":20},"end":{"line":17,"column":48}},{"start":{"line":17,"column":48},"end":{"line":17,"column":null}}],"line":17},"3":{"loc":{"start":{"line":18,"column":25},"end":{"line":18,"column":null}},"type":"binary-expr","locations":[{"start":{"line":18,"column":25},"end":{"line":18,"column":58}},{"start":{"line":18,"column":58},"end":{"line":18,"column":null}}],"line":18},"4":{"loc":{"start":{"line":22,"column":25},"end":{"line":22,"column":null}},"type":"binary-expr","locations":[{"start":{"line":22,"column":25},"end":{"line":22,"column":42}},{"start":{"line":22,"column":42},"end":{"line":22,"column":null}}],"line":22},"5":{"loc":{"start":{"line":23,"column":26},"end":{"line":23,"column":null}},"type":"binary-expr","locations":[{"start":{"line":23,"column":26},"end":{"line":23,"column":49}},{"start":{"line":23,"column":49},"end":{"line":23,"column":null}}],"line":23},"6":{"loc":{"start":{"line":24,"column":25},"end":{"line":24,"column":null}},"type":"binary-expr","locations":[{"start":{"line":24,"column":25},"end":{"line":24,"column":52}},{"start":{"line":24,"column":52},"end":{"line":24,"column":null}}],"line":24},"7":{"loc":{"start":{"line":30,"column":4},"end":{"line":35,"column":null}},"type":"if","locations":[{"start":{"line":30,"column":4},"end":{"line":35,"column":null}},{"start":{},"end":{}}],"line":30},"8":{"loc":{"start":{"line":30,"column":8},"end":{"line":30,"column":66}},"type":"binary-expr","locations":[{"start":{"line":30,"column":8},"end":{"line":30,"column":32}},{"start":{"line":30,"column":32},"end":{"line":30,"column":51}},{"start":{"line":30,"column":51},"end":{"line":30,"column":66}}],"line":30},"9":{"loc":{"start":{"line":31,"column":8},"end":{"line":33,"column":null}},"type":"if","locations":[{"start":{"line":31,"column":8},"end":{"line":33,"column":null}},{"start":{"line":32,"column":13},"end":{"line":33,"column":null}}],"line":31},"10":{"loc":{"start":{"line":32,"column":13},"end":{"line":33,"column":null}},"type":"if","locations":[{"start":{"line":32,"column":13},"end":{"line":33,"column":null}},{"start":{"line":33,"column":13},"end":{"line":33,"column":null}}],"line":32},"11":{"loc":{"start":{"line":39,"column":4},"end":{"line":42,"column":null}},"type":"if","locations":[{"start":{"line":39,"column":4},"end":{"line":42,"column":null}},{"start":{},"end":{}}],"line":39},"12":{"loc":{"start":{"line":39,"column":8},"end":{"line":39,"column":75}},"type":"binary-expr","locations":[{"start":{"line":39,"column":8},"end":{"line":39,"column":35}},{"start":{"line":39,"column":35},"end":{"line":39,"column":57}},{"start":{"line":39,"column":57},"end":{"line":39,"column":75}}],"line":39},"13":{"loc":{"start":{"line":40,"column":8},"end":{"line":41,"column":null}},"type":"if","locations":[{"start":{"line":40,"column":8},"end":{"line":41,"column":null}},{"start":{"line":41,"column":13},"end":{"line":41,"column":null}}],"line":40},"14":{"loc":{"start":{"line":40,"column":12},"end":{"line":40,"column":78}},"type":"binary-expr","locations":[{"start":{"line":40,"column":12},"end":{"line":40,"column":45}},{"start":{"line":40,"column":45},"end":{"line":40,"column":78}}],"line":40},"15":{"loc":{"start":{"line":45,"column":4},"end":{"line":67,"column":null}},"type":"if","locations":[{"start":{"line":45,"column":4},"end":{"line":67,"column":null}},{"start":{},"end":{}}],"line":45},"16":{"loc":{"start":{"line":45,"column":8},"end":{"line":45,"column":75}},"type":"binary-expr","locations":[{"start":{"line":45,"column":8},"end":{"line":45,"column":35}},{"start":{"line":45,"column":35},"end":{"line":45,"column":57}},{"start":{"line":45,"column":57},"end":{"line":45,"column":75}}],"line":45},"17":{"loc":{"start":{"line":47,"column":29},"end":{"line":47,"column":39}},"type":"binary-expr","locations":[{"start":{"line":47,"column":29},"end":{"line":47,"column":37}},{"start":{"line":47,"column":37},"end":{"line":47,"column":39}}],"line":47},"18":{"loc":{"start":{"line":48,"column":12},"end":{"line":48,"column":null}},"type":"if","locations":[{"start":{"line":48,"column":12},"end":{"line":48,"column":null}},{"start":{},"end":{}}],"line":48},"19":{"loc":{"start":{"line":49,"column":12},"end":{"line":49,"column":null}},"type":"if","locations":[{"start":{"line":49,"column":12},"end":{"line":49,"column":null}},{"start":{},"end":{}}],"line":49},"20":{"loc":{"start":{"line":50,"column":12},"end":{"line":50,"column":null}},"type":"if","locations":[{"start":{"line":50,"column":12},"end":{"line":50,"column":null}},{"start":{},"end":{}}],"line":50},"21":{"loc":{"start":{"line":51,"column":12},"end":{"line":54,"column":null}},"type":"if","locations":[{"start":{"line":51,"column":12},"end":{"line":54,"column":null}},{"start":{},"end":{}}],"line":51},"22":{"loc":{"start":{"line":52,"column":33},"end":{"line":52,"column":null}},"type":"cond-expr","locations":[{"start":{"line":52,"column":70},"end":{"line":52,"column":98}},{"start":{"line":52,"column":98},"end":{"line":52,"column":null}}],"line":52},"23":{"loc":{"start":{"line":55,"column":12},"end":{"line":58,"column":null}},"type":"if","locations":[{"start":{"line":55,"column":12},"end":{"line":58,"column":null}},{"start":{},"end":{}}],"line":55},"24":{"loc":{"start":{"line":56,"column":34},"end":{"line":56,"column":null}},"type":"cond-expr","locations":[{"start":{"line":56,"column":72},"end":{"line":56,"column":101}},{"start":{"line":56,"column":101},"end":{"line":56,"column":null}}],"line":56},"25":{"loc":{"start":{"line":57,"column":23},"end":{"line":57,"column":null}},"type":"cond-expr","locations":[{"start":{"line":57,"column":39},"end":{"line":57,"column":72}},{"start":{"line":57,"column":72},"end":{"line":57,"column":null}}],"line":57},"26":{"loc":{"start":{"line":59,"column":12},"end":{"line":59,"column":null}},"type":"if","locations":[{"start":{"line":59,"column":12},"end":{"line":59,"column":null}},{"start":{},"end":{}}],"line":59},"27":{"loc":{"start":{"line":60,"column":12},"end":{"line":60,"column":null}},"type":"if","locations":[{"start":{"line":60,"column":12},"end":{"line":60,"column":null}},{"start":{},"end":{}}],"line":60},"28":{"loc":{"start":{"line":61,"column":12},"end":{"line":61,"column":null}},"type":"if","locations":[{"start":{"line":61,"column":12},"end":{"line":61,"column":null}},{"start":{},"end":{}}],"line":61},"29":{"loc":{"start":{"line":65,"column":64},"end":{"line":65,"column":85}},"type":"binary-expr","locations":[{"start":{"line":65,"column":64},"end":{"line":65,"column":83}},{"start":{"line":65,"column":83},"end":{"line":65,"column":85}}],"line":65},"30":{"loc":{"start":{"line":70,"column":37},"end":{"line":70,"column":54}},"type":"binary-expr","locations":[{"start":{"line":70,"column":37},"end":{"line":70,"column":52}},{"start":{"line":70,"column":52},"end":{"line":70,"column":54}}],"line":70},"31":{"loc":{"start":{"line":73,"column":4},"end":{"line":73,"column":null}},"type":"if","locations":[{"start":{"line":73,"column":4},"end":{"line":73,"column":null}},{"start":{},"end":{}}],"line":73},"32":{"loc":{"start":{"line":74,"column":4},"end":{"line":74,"column":null}},"type":"if","locations":[{"start":{"line":74,"column":4},"end":{"line":74,"column":null}},{"start":{},"end":{}}],"line":74},"33":{"loc":{"start":{"line":75,"column":4},"end":{"line":75,"column":null}},"type":"if","locations":[{"start":{"line":75,"column":4},"end":{"line":75,"column":null}},{"start":{},"end":{}}],"line":75},"34":{"loc":{"start":{"line":76,"column":4},"end":{"line":76,"column":null}},"type":"if","locations":[{"start":{"line":76,"column":4},"end":{"line":76,"column":null}},{"start":{},"end":{}}],"line":76}},"s":{"0":1,"1":18,"2":18,"3":18,"4":18,"5":1,"6":17,"7":18,"8":18,"9":18,"10":18,"11":2,"12":1,"13":1,"14":0,"15":1,"16":2,"17":17,"18":18,"19":2,"20":1,"21":1,"22":17,"23":15,"24":15,"25":15,"26":1,"27":14,"28":3,"29":11,"30":1,"31":10,"32":2,"33":2,"34":8,"35":2,"36":2,"37":6,"38":1,"39":5,"40":1,"41":4,"42":1,"43":3,"44":15,"45":15,"46":17,"47":18,"48":1,"49":17,"50":17,"51":17,"52":17,"53":17,"54":17,"55":17},"f":{"0":18,"1":15},"b":{"0":[18],"1":[1,17],"2":[17,15],"3":[18,16],"4":[18,16],"5":[18,16],"6":[18,16],"7":[2,16],"8":[18,2,2],"9":[1,1],"10":[0,1],"11":[2,16],"12":[18,2,2],"13":[1,1],"14":[2,1],"15":[15,2],"16":[17,2,2],"17":[15,0],"18":[1,14],"19":[3,11],"20":[1,10],"21":[2,8],"22":[1,1],"23":[2,6],"24":[1,1],"25":[1,1],"26":[1,5],"27":[1,4],"28":[1,3],"29":[15,0],"30":[17,0],"31":[1,17],"32":[1,16],"33":[1,16],"34":[1,16]},"meta":{"lastBranch":35,"lastFunction":2,"lastStatement":56,"seen":{"s:5:13:83:Infinity":0,"f:5:13:5:36":0,"b:5:86:5:97":0,"s:6:10:6:Infinity":1,"s:7:22:7:Infinity":2,"s:9:24:13:Infinity":3,"b:15:4:15:Infinity:undefined:undefined:undefined:undefined":1,"s:15:4:15:Infinity":4,"s:15:21:15:Infinity":5,"s:17:20:17:Infinity":6,"b:17:20:17:48:17:48:17:Infinity":2,"s:18:25:18:Infinity":7,"b:18:25:18:58:18:58:18:Infinity":3,"s:21:27:25:Infinity":8,"b:22:25:22:42:22:42:22:Infinity":4,"b:23:26:23:49:23:49:23:Infinity":5,"b:24:25:24:52:24:52:24:Infinity":6,"s:28:19:28:Infinity":9,"b:30:4:35:Infinity:undefined:undefined:undefined:undefined":7,"s:30:4:35:Infinity":10,"b:30:8:30:32:30:32:30:51:30:51:30:66":8,"b:31:8:33:Infinity:32:13:33:Infinity":9,"s:31:8:33:Infinity":11,"s:31:40:31:Infinity":12,"b:32:13:33:Infinity:33:13:33:Infinity":10,"s:32:13:33:Infinity":13,"s:32:47:32:Infinity":14,"s:33:13:33:Infinity":15,"s:34:8:34:Infinity":16,"s:38:22:38:Infinity":17,"b:39:4:42:Infinity:undefined:undefined:undefined:undefined":11,"s:39:4:42:Infinity":18,"b:39:8:39:35:39:35:39:57:39:57:39:75":12,"b:40:8:41:Infinity:41:13:41:Infinity":13,"s:40:8:41:Infinity":19,"b:40:12:40:45:40:45:40:78":14,"s:40:78:40:Infinity":20,"s:41:13:41:Infinity":21,"b:45:4:67:Infinity:undefined:undefined:undefined:undefined":15,"s:45:4:67:Infinity":22,"b:45:8:45:35:45:35:45:57:45:57:45:75":16,"s:46:14:63:Infinity":23,"f:46:14:46:41":1,"s:47:22:47:Infinity":24,"b:47:29:47:37:47:37:47:39":17,"b:48:12:48:Infinity:undefined:undefined:undefined:undefined":18,"s:48:12:48:Infinity":25,"s:48:34:48:Infinity":26,"b:49:12:49:Infinity:undefined:undefined:undefined:undefined":19,"s:49:12:49:Infinity":27,"s:49:36:49:Infinity":28,"b:50:12:50:Infinity:undefined:undefined:undefined:undefined":20,"s:50:12:50:Infinity":29,"s:50:30:50:Infinity":30,"b:51:12:54:Infinity:undefined:undefined:undefined:undefined":21,"s:51:12:54:Infinity":31,"s:52:33:52:Infinity":32,"b:52:70:52:98:52:98:52:Infinity":22,"s:53:16:53:Infinity":33,"b:55:12:58:Infinity:undefined:undefined:undefined:undefined":23,"s:55:12:58:Infinity":34,"s:56:34:56:Infinity":35,"b:56:72:56:101:56:101:56:Infinity":24,"s:57:16:57:Infinity":36,"b:57:39:57:72:57:72:57:Infinity":25,"b:59:12:59:Infinity:undefined:undefined:undefined:undefined":26,"s:59:12:59:Infinity":37,"s:59:35:59:Infinity":38,"b:60:12:60:Infinity:undefined:undefined:undefined:undefined":27,"s:60:12:60:Infinity":39,"s:60:34:60:Infinity":40,"b:61:12:61:Infinity:undefined:undefined:undefined:undefined":28,"s:61:12:61:Infinity":41,"s:61:40:61:Infinity":42,"s:62:12:62:Infinity":43,"s:65:27:65:Infinity":44,"b:65:64:65:83:65:83:65:85":29,"s:66:8:66:Infinity":45,"s:70:22:70:Infinity":46,"b:70:37:70:52:70:52:70:54":30,"b:73:4:73:Infinity:undefined:undefined:undefined:undefined":31,"s:73:4:73:Infinity":47,"s:73:39:73:Infinity":48,"b:74:4:74:Infinity:undefined:undefined:undefined:undefined":32,"s:74:4:74:Infinity":49,"s:74:43:74:Infinity":50,"b:75:4:75:Infinity:undefined:undefined:undefined:undefined":33,"s:75:4:75:Infinity":51,"s:75:38:75:Infinity":52,"b:76:4:76:Infinity:undefined:undefined:undefined:undefined":34,"s:76:4:76:Infinity":53,"s:76:42:76:Infinity":54,"s:78:4:81:Infinity":55},"fnNames":{}}}
,"C:\\Users\\Cristopher\\Desktop\\pymeweb\\proyecto\\frontend\\src\\pages\\EditorWeb.jsx": {"path":"C:\\Users\\Cristopher\\Desktop\\pymeweb\\proyecto\\frontend\\src\\pages\\EditorWeb.jsx","statementMap":{"0":{"start":{"line":8,"column":6},"end":{"line":492,"column":null}},"1":{"start":{"line":44,"column":8},"end":{"line":45,"column":null}},"2":{"start":{"line":48,"column":26},"end":{"line":48,"column":null}},"3":{"start":{"line":49,"column":26},"end":{"line":49,"column":null}},"4":{"start":{"line":51,"column":10},"end":{"line":51,"column":null}},"5":{"start":{"line":53,"column":10},"end":{"line":57,"column":null}},"6":{"start":{"line":54,"column":14},"end":{"line":54,"column":null}},"7":{"start":{"line":55,"column":8},"end":{"line":55,"column":null}},"8":{"start":{"line":55,"column":19},"end":{"line":55,"column":null}},"9":{"start":{"line":56,"column":8},"end":{"line":56,"column":null}},"10":{"start":{"line":59,"column":10},"end":{"line":62,"column":null}},"11":{"start":{"line":60,"column":8},"end":{"line":60,"column":null}},"12":{"start":{"line":61,"column":8},"end":{"line":61,"column":null}},"13":{"start":{"line":64,"column":4},"end":{"line":490,"column":null}},"14":{"start":{"line":71,"column":35},"end":{"line":71,"column":null}},"15":{"start":{"line":73,"column":20},"end":{"line":89,"column":null}},"16":{"start":{"line":81,"column":32},"end":{"line":81,"column":null}},"17":{"start":{"line":81,"column":45},"end":{"line":81,"column":null}},"18":{"start":{"line":83,"column":48},"end":{"line":83,"column":null}},"19":{"start":{"line":85,"column":47},"end":{"line":85,"column":null}},"20":{"start":{"line":86,"column":43},"end":{"line":86,"column":null}},"21":{"start":{"line":118,"column":28},"end":{"line":120,"column":null}},"22":{"start":{"line":119,"column":32},"end":{"line":119,"column":null}},"23":{"start":{"line":122,"column":48},"end":{"line":122,"column":null}},"24":{"start":{"line":123,"column":53},"end":{"line":124,"column":null}},"25":{"start":{"line":128,"column":52},"end":{"line":128,"column":null}},"26":{"start":{"line":130,"column":28},"end":{"line":141,"column":null}},"27":{"start":{"line":131,"column":32},"end":{"line":137,"column":null}},"28":{"start":{"line":132,"column":36},"end":{"line":132,"column":null}},"29":{"start":{"line":133,"column":36},"end":{"line":133,"column":null}},"30":{"start":{"line":135,"column":36},"end":{"line":135,"column":null}},"31":{"start":{"line":136,"column":36},"end":{"line":136,"column":null}},"32":{"start":{"line":139,"column":32},"end":{"line":139,"column":null}},"33":{"start":{"line":140,"column":32},"end":{"line":140,"column":null}},"34":{"start":{"line":143,"column":28},"end":{"line":157,"column":null}},"35":{"start":{"line":147,"column":51},"end":{"line":147,"column":null}},"36":{"start":{"line":180,"column":40},"end":{"line":180,"column":null}},"37":{"start":{"line":180,"column":85},"end":{"line":180,"column":null}},"38":{"start":{"line":181,"column":40},"end":{"line":181,"column":null}},"39":{"start":{"line":181,"column":65},"end":{"line":181,"column":null}},"40":{"start":{"line":183,"column":40},"end":{"line":183,"column":null}},"41":{"start":{"line":183,"column":117},"end":{"line":183,"column":null}},"42":{"start":{"line":184,"column":40},"end":{"line":186,"column":null}},"43":{"start":{"line":185,"column":44},"end":{"line":185,"column":null}},"44":{"start":{"line":187,"column":40},"end":{"line":191,"column":null}},"45":{"start":{"line":190,"column":44},"end":{"line":190,"column":null}},"46":{"start":{"line":192,"column":40},"end":{"line":194,"column":null}},"47":{"start":{"line":193,"column":44},"end":{"line":193,"column":null}},"48":{"start":{"line":195,"column":40},"end":{"line":197,"column":null}},"49":{"start":{"line":196,"column":44},"end":{"line":196,"column":null}},"50":{"start":{"line":198,"column":40},"end":{"line":198,"column":null}},"51":{"start":{"line":200,"column":40},"end":{"line":203,"column":null}},"52":{"start":{"line":206,"column":40},"end":{"line":220,"column":null}},"53":{"start":{"line":211,"column":65},"end":{"line":211,"column":null}},"54":{"start":{"line":216,"column":63},"end":{"line":216,"column":null}},"55":{"start":{"line":228,"column":40},"end":{"line":255,"column":null}},"56":{"start":{"line":233,"column":65},"end":{"line":233,"column":null}},"57":{"start":{"line":239,"column":65},"end":{"line":239,"column":null}},"58":{"start":{"line":245,"column":65},"end":{"line":245,"column":null}},"59":{"start":{"line":251,"column":63},"end":{"line":251,"column":null}},"60":{"start":{"line":263,"column":40},"end":{"line":290,"column":null}},"61":{"start":{"line":268,"column":65},"end":{"line":268,"column":null}},"62":{"start":{"line":274,"column":65},"end":{"line":274,"column":null}},"63":{"start":{"line":280,"column":65},"end":{"line":280,"column":null}},"64":{"start":{"line":286,"column":63},"end":{"line":286,"column":null}},"65":{"start":{"line":298,"column":40},"end":{"line":332,"column":null}},"66":{"start":{"line":303,"column":65},"end":{"line":303,"column":null}},"67":{"start":{"line":309,"column":65},"end":{"line":309,"column":null}},"68":{"start":{"line":315,"column":65},"end":{"line":315,"column":null}},"69":{"start":{"line":322,"column":65},"end":{"line":322,"column":null}},"70":{"start":{"line":328,"column":63},"end":{"line":328,"column":null}},"71":{"start":{"line":354,"column":73},"end":{"line":354,"column":null}},"72":{"start":{"line":368,"column":73},"end":{"line":368,"column":null}},"73":{"start":{"line":387,"column":73},"end":{"line":387,"column":null}},"74":{"start":{"line":401,"column":73},"end":{"line":401,"column":null}},"75":{"start":{"line":425,"column":69},"end":{"line":425,"column":null}},"76":{"start":{"line":433,"column":69},"end":{"line":433,"column":null}},"77":{"start":{"line":441,"column":69},"end":{"line":441,"column":null}},"78":{"start":{"line":459,"column":67},"end":{"line":459,"column":null}},"79":{"start":{"line":460,"column":68},"end":{"line":460,"column":null}},"80":{"start":{"line":461,"column":52},"end":{"line":475,"column":null}},"81":{"start":{"line":470,"column":80},"end":{"line":470,"column":null}},"82":{"start":{"line":471,"column":68},"end":{"line":471,"column":null}}},"fnMap":{"0":{"name":"(anonymous_0)","decl":{"start":{"line":8,"column":6},"end":{"line":8,"column":24}},"loc":{"start":{"line":8,"column":24},"end":{"line":492,"column":null}},"line":8},"1":{"name":"(anonymous_1)","decl":{"start":{"line":53,"column":10},"end":{"line":53,"column":34}},"loc":{"start":{"line":53,"column":34},"end":{"line":57,"column":null}},"line":53},"2":{"name":"(anonymous_2)","decl":{"start":{"line":59,"column":10},"end":{"line":59,"column":38}},"loc":{"start":{"line":59,"column":38},"end":{"line":62,"column":null}},"line":59},"3":{"name":"(anonymous_3)","decl":{"start":{"line":70,"column":35},"end":{"line":70,"column":40}},"loc":{"start":{"line":70,"column":57},"end":{"line":91,"column":17}},"line":70},"4":{"name":"(anonymous_4)","decl":{"start":{"line":80,"column":28},"end":{"line":80,"column":47}},"loc":{"start":{"line":80,"column":47},"end":{"line":82,"column":null}},"line":80},"5":{"name":"(anonymous_5)","decl":{"start":{"line":83,"column":28},"end":{"line":83,"column":48}},"loc":{"start":{"line":83,"column":48},"end":{"line":83,"column":null}},"line":83},"6":{"name":"(anonymous_6)","decl":{"start":{"line":85,"column":28},"end":{"line":85,"column":41}},"loc":{"start":{"line":85,"column":47},"end":{"line":85,"column":null}},"line":85},"7":{"name":"(anonymous_7)","decl":{"start":{"line":86,"column":28},"end":{"line":86,"column":43}},"loc":{"start":{"line":86,"column":43},"end":{"line":86,"column":null}},"line":86},"8":{"name":"(anonymous_8)","decl":{"start":{"line":117,"column":44},"end":{"line":117,"column":48}},"loc":{"start":{"line":117,"column":59},"end":{"line":159,"column":25}},"line":117},"9":{"name":"(anonymous_9)","decl":{"start":{"line":147,"column":36},"end":{"line":147,"column":51}},"loc":{"start":{"line":147,"column":51},"end":{"line":147,"column":null}},"line":147},"10":{"name":"(anonymous_10)","decl":{"start":{"line":178,"column":63},"end":{"line":178,"column":71}},"loc":{"start":{"line":178,"column":81},"end":{"line":199,"column":37}},"line":178},"11":{"name":"(anonymous_11)","decl":{"start":{"line":199,"column":39},"end":{"line":199,"column":44}},"loc":{"start":{"line":200,"column":40},"end":{"line":203,"column":null}},"line":200},"12":{"name":"(anonymous_12)","decl":{"start":{"line":205,"column":105},"end":{"line":205,"column":110}},"loc":{"start":{"line":206,"column":40},"end":{"line":220,"column":null}},"line":206},"13":{"name":"(anonymous_13)","decl":{"start":{"line":211,"column":48},"end":{"line":211,"column":59}},"loc":{"start":{"line":211,"column":65},"end":{"line":211,"column":null}},"line":211},"14":{"name":"(anonymous_14)","decl":{"start":{"line":216,"column":48},"end":{"line":216,"column":63}},"loc":{"start":{"line":216,"column":63},"end":{"line":216,"column":null}},"line":216},"15":{"name":"(anonymous_15)","decl":{"start":{"line":227,"column":114},"end":{"line":227,"column":119}},"loc":{"start":{"line":228,"column":40},"end":{"line":255,"column":null}},"line":228},"16":{"name":"(anonymous_16)","decl":{"start":{"line":233,"column":48},"end":{"line":233,"column":59}},"loc":{"start":{"line":233,"column":65},"end":{"line":233,"column":null}},"line":233},"17":{"name":"(anonymous_17)","decl":{"start":{"line":239,"column":48},"end":{"line":239,"column":59}},"loc":{"start":{"line":239,"column":65},"end":{"line":239,"column":null}},"line":239},"18":{"name":"(anonymous_18)","decl":{"start":{"line":245,"column":48},"end":{"line":245,"column":59}},"loc":{"start":{"line":245,"column":65},"end":{"line":245,"column":null}},"line":245},"19":{"name":"(anonymous_19)","decl":{"start":{"line":251,"column":48},"end":{"line":251,"column":63}},"loc":{"start":{"line":251,"column":63},"end":{"line":251,"column":null}},"line":251},"20":{"name":"(anonymous_20)","decl":{"start":{"line":262,"column":106},"end":{"line":262,"column":111}},"loc":{"start":{"line":263,"column":40},"end":{"line":290,"column":null}},"line":263},"21":{"name":"(anonymous_21)","decl":{"start":{"line":268,"column":48},"end":{"line":268,"column":59}},"loc":{"start":{"line":268,"column":65},"end":{"line":268,"column":null}},"line":268},"22":{"name":"(anonymous_22)","decl":{"start":{"line":274,"column":48},"end":{"line":274,"column":59}},"loc":{"start":{"line":274,"column":65},"end":{"line":274,"column":null}},"line":274},"23":{"name":"(anonymous_23)","decl":{"start":{"line":280,"column":48},"end":{"line":280,"column":59}},"loc":{"start":{"line":280,"column":65},"end":{"line":280,"column":null}},"line":280},"24":{"name":"(anonymous_24)","decl":{"start":{"line":286,"column":48},"end":{"line":286,"column":63}},"loc":{"start":{"line":286,"column":63},"end":{"line":286,"column":null}},"line":286},"25":{"name":"(anonymous_25)","decl":{"start":{"line":297,"column":106},"end":{"line":297,"column":111}},"loc":{"start":{"line":298,"column":40},"end":{"line":332,"column":null}},"line":298},"26":{"name":"(anonymous_26)","decl":{"start":{"line":303,"column":48},"end":{"line":303,"column":59}},"loc":{"start":{"line":303,"column":65},"end":{"line":303,"column":null}},"line":303},"27":{"name":"(anonymous_27)","decl":{"start":{"line":309,"column":48},"end":{"line":309,"column":59}},"loc":{"start":{"line":309,"column":65},"end":{"line":309,"column":null}},"line":309},"28":{"name":"(anonymous_28)","decl":{"start":{"line":315,"column":48},"end":{"line":315,"column":59}},"loc":{"start":{"line":315,"column":65},"end":{"line":315,"column":null}},"line":315},"29":{"name":"(anonymous_29)","decl":{"start":{"line":322,"column":48},"end":{"line":322,"column":59}},"loc":{"start":{"line":322,"column":65},"end":{"line":322,"column":null}},"line":322},"30":{"name":"(anonymous_30)","decl":{"start":{"line":328,"column":48},"end":{"line":328,"column":63}},"loc":{"start":{"line":328,"column":63},"end":{"line":328,"column":null}},"line":328},"31":{"name":"(anonymous_31)","decl":{"start":{"line":354,"column":56},"end":{"line":354,"column":67}},"loc":{"start":{"line":354,"column":73},"end":{"line":354,"column":null}},"line":354},"32":{"name":"(anonymous_32)","decl":{"start":{"line":368,"column":56},"end":{"line":368,"column":67}},"loc":{"start":{"line":368,"column":73},"end":{"line":368,"column":null}},"line":368},"33":{"name":"(anonymous_33)","decl":{"start":{"line":387,"column":56},"end":{"line":387,"column":67}},"loc":{"start":{"line":387,"column":73},"end":{"line":387,"column":null}},"line":387},"34":{"name":"(anonymous_34)","decl":{"start":{"line":401,"column":56},"end":{"line":401,"column":67}},"loc":{"start":{"line":401,"column":73},"end":{"line":401,"column":null}},"line":401},"35":{"name":"(anonymous_35)","decl":{"start":{"line":425,"column":52},"end":{"line":425,"column":63}},"loc":{"start":{"line":425,"column":69},"end":{"line":425,"column":null}},"line":425},"36":{"name":"(anonymous_36)","decl":{"start":{"line":433,"column":52},"end":{"line":433,"column":63}},"loc":{"start":{"line":433,"column":69},"end":{"line":433,"column":null}},"line":433},"37":{"name":"(anonymous_37)","decl":{"start":{"line":441,"column":52},"end":{"line":441,"column":63}},"loc":{"start":{"line":441,"column":69},"end":{"line":441,"column":null}},"line":441},"38":{"name":"(anonymous_38)","decl":{"start":{"line":458,"column":56},"end":{"line":458,"column":null}},"loc":{"start":{"line":458,"column":56},"end":{"line":477,"column":51}},"line":458},"39":{"name":"(anonymous_39)","decl":{"start":{"line":469,"column":64},"end":{"line":469,"column":75}},"loc":{"start":{"line":469,"column":81},"end":{"line":472,"column":null}},"line":469}},"branchMap":{"0":{"loc":{"start":{"line":55,"column":8},"end":{"line":55,"column":null}},"type":"if","locations":[{"start":{"line":55,"column":8},"end":{"line":55,"column":null}},{"start":{},"end":{}}],"line":55},"1":{"loc":{"start":{"line":81,"column":32},"end":{"line":81,"column":null}},"type":"if","locations":[{"start":{"line":81,"column":32},"end":{"line":81,"column":null}},{"start":{},"end":{}}],"line":81},"2":{"loc":{"start":{"line":118,"column":28},"end":{"line":120,"column":null}},"type":"if","locations":[{"start":{"line":118,"column":28},"end":{"line":120,"column":null}},{"start":{},"end":{}}],"line":118},"3":{"loc":{"start":{"line":118,"column":32},"end":{"line":118,"column":86}},"type":"binary-expr","locations":[{"start":{"line":118,"column":32},"end":{"line":118,"column":54}},{"start":{"line":118,"column":54},"end":{"line":118,"column":86}}],"line":118},"4":{"loc":{"start":{"line":123,"column":53},"end":{"line":124,"column":null}},"type":"binary-expr","locations":[{"start":{"line":123,"column":53},"end":{"line":123,"column":null}},{"start":{"line":124,"column":36},"end":{"line":124,"column":58}},{"start":{"line":124,"column":58},"end":{"line":124,"column":73}},{"start":{"line":124,"column":73},"end":{"line":124,"column":null}}],"line":123},"5":{"loc":{"start":{"line":130,"column":28},"end":{"line":141,"column":null}},"type":"if","locations":[{"start":{"line":130,"column":28},"end":{"line":141,"column":null}},{"start":{"line":138,"column":35},"end":{"line":141,"column":null}}],"line":130},"6":{"loc":{"start":{"line":131,"column":32},"end":{"line":137,"column":null}},"type":"if","locations":[{"start":{"line":131,"column":32},"end":{"line":137,"column":null}},{"start":{"line":134,"column":39},"end":{"line":137,"column":null}}],"line":131},"7":{"loc":{"start":{"line":131,"column":36},"end":{"line":131,"column":71}},"type":"binary-expr","locations":[{"start":{"line":131,"column":36},"end":{"line":131,"column":51}},{"start":{"line":131,"column":51},"end":{"line":131,"column":71}}],"line":131},"8":{"loc":{"start":{"line":132,"column":52},"end":{"line":132,"column":null}},"type":"cond-expr","locations":[{"start":{"line":132,"column":71},"end":{"line":132,"column":102}},{"start":{"line":132,"column":102},"end":{"line":132,"column":null}}],"line":132},"9":{"loc":{"start":{"line":133,"column":56},"end":{"line":133,"column":null}},"type":"cond-expr","locations":[{"start":{"line":133,"column":70},"end":{"line":133,"column":98}},{"start":{"line":133,"column":98},"end":{"line":133,"column":null}}],"line":133},"10":{"loc":{"start":{"line":139,"column":48},"end":{"line":139,"column":null}},"type":"cond-expr","locations":[{"start":{"line":139,"column":84},"end":{"line":139,"column":117}},{"start":{"line":139,"column":117},"end":{"line":139,"column":null}}],"line":139},"11":{"loc":{"start":{"line":139,"column":48},"end":{"line":139,"column":84}},"type":"binary-expr","locations":[{"start":{"line":139,"column":48},"end":{"line":139,"column":63}},{"start":{"line":139,"column":63},"end":{"line":139,"column":84}}],"line":139},"12":{"loc":{"start":{"line":140,"column":52},"end":{"line":140,"column":null}},"type":"cond-expr","locations":[{"start":{"line":140,"column":89},"end":{"line":140,"column":139}},{"start":{"line":140,"column":139},"end":{"line":140,"column":null}}],"line":140},"13":{"loc":{"start":{"line":140,"column":52},"end":{"line":140,"column":89}},"type":"binary-expr","locations":[{"start":{"line":140,"column":52},"end":{"line":140,"column":67}},{"start":{"line":140,"column":67},"end":{"line":140,"column":89}}],"line":140},"14":{"loc":{"start":{"line":140,"column":89},"end":{"line":140,"column":139}},"type":"cond-expr","locations":[{"start":{"line":140,"column":103},"end":{"line":140,"column":131}},{"start":{"line":140,"column":131},"end":{"line":140,"column":139}}],"line":140},"15":{"loc":{"start":{"line":150,"column":66},"end":{"line":150,"column":null}},"type":"cond-expr","locations":[{"start":{"line":150,"column":85},"end":{"line":150,"column":102}},{"start":{"line":150,"column":102},"end":{"line":150,"column":null}}],"line":150},"16":{"loc":{"start":{"line":167,"column":21},"end":{"line":487,"column":null}},"type":"cond-expr","locations":[{"start":{"line":168,"column":24},"end":{"line":487,"column":25}},{"start":{"line":487,"column":24},"end":{"line":487,"column":null}}],"line":167},"17":{"loc":{"start":{"line":180,"column":40},"end":{"line":180,"column":null}},"type":"if","locations":[{"start":{"line":180,"column":40},"end":{"line":180,"column":null}},{"start":{},"end":{}}],"line":180},"18":{"loc":{"start":{"line":180,"column":44},"end":{"line":180,"column":85}},"type":"binary-expr","locations":[{"start":{"line":180,"column":44},"end":{"line":180,"column":66}},{"start":{"line":180,"column":66},"end":{"line":180,"column":85}}],"line":180},"19":{"loc":{"start":{"line":181,"column":40},"end":{"line":181,"column":null}},"type":"if","locations":[{"start":{"line":181,"column":40},"end":{"line":181,"column":null}},{"start":{},"end":{}}],"line":181},"20":{"loc":{"start":{"line":183,"column":40},"end":{"line":183,"column":null}},"type":"if","locations":[{"start":{"line":183,"column":40},"end":{"line":183,"column":null}},{"start":{},"end":{}}],"line":183},"21":{"loc":{"start":{"line":183,"column":44},"end":{"line":183,"column":117}},"type":"binary-expr","locations":[{"start":{"line":183,"column":44},"end":{"line":183,"column":87}},{"start":{"line":183,"column":87},"end":{"line":183,"column":117}}],"line":183},"22":{"loc":{"start":{"line":184,"column":40},"end":{"line":186,"column":null}},"type":"if","locations":[{"start":{"line":184,"column":40},"end":{"line":186,"column":null}},{"start":{},"end":{}}],"line":184},"23":{"loc":{"start":{"line":184,"column":44},"end":{"line":184,"column":193}},"type":"binary-expr","locations":[{"start":{"line":184,"column":44},"end":{"line":184,"column":98}},{"start":{"line":184,"column":98},"end":{"line":184,"column":123}},{"start":{"line":184,"column":123},"end":{"line":184,"column":146}},{"start":{"line":184,"column":146},"end":{"line":184,"column":170}},{"start":{"line":184,"column":170},"end":{"line":184,"column":193}}],"line":184},"24":{"loc":{"start":{"line":187,"column":40},"end":{"line":191,"column":null}},"type":"if","locations":[{"start":{"line":187,"column":40},"end":{"line":191,"column":null}},{"start":{},"end":{}}],"line":187},"25":{"loc":{"start":{"line":187,"column":44},"end":{"line":188,"column":null}},"type":"binary-expr","locations":[{"start":{"line":187,"column":44},"end":{"line":187,"column":null}},{"start":{"line":188,"column":44},"end":{"line":188,"column":68}},{"start":{"line":188,"column":68},"end":{"line":188,"column":90}},{"start":{"line":188,"column":90},"end":{"line":188,"column":117}},{"start":{"line":188,"column":117},"end":{"line":188,"column":null}}],"line":187},"26":{"loc":{"start":{"line":192,"column":40},"end":{"line":194,"column":null}},"type":"if","locations":[{"start":{"line":192,"column":40},"end":{"line":194,"column":null}},{"start":{},"end":{}}],"line":192},"27":{"loc":{"start":{"line":192,"column":44},"end":{"line":192,"column":119}},"type":"binary-expr","locations":[{"start":{"line":192,"column":44},"end":{"line":192,"column":96}},{"start":{"line":192,"column":96},"end":{"line":192,"column":119}}],"line":192},"28":{"loc":{"start":{"line":195,"column":40},"end":{"line":197,"column":null}},"type":"if","locations":[{"start":{"line":195,"column":40},"end":{"line":197,"column":null}},{"start":{},"end":{}}],"line":195},"29":{"loc":{"start":{"line":195,"column":44},"end":{"line":195,"column":119}},"type":"binary-expr","locations":[{"start":{"line":195,"column":44},"end":{"line":195,"column":96}},{"start":{"line":195,"column":96},"end":{"line":195,"column":119}}],"line":195},"30":{"loc":{"start":{"line":202,"column":96},"end":{"line":202,"column":123}},"type":"binary-expr","locations":[{"start":{"line":202,"column":96},"end":{"line":202,"column":119}},{"start":{"line":202,"column":119},"end":{"line":202,"column":123}}],"line":202},"31":{"loc":{"start":{"line":205,"column":37},"end":{"line":221,"column":null}},"type":"binary-expr","locations":[{"start":{"line":205,"column":37},"end":{"line":205,"column":90}},{"start":{"line":205,"column":90},"end":{"line":221,"column":null}}],"line":205},"32":{"loc":{"start":{"line":222,"column":37},"end":{"line":225,"column":null}},"type":"binary-expr","locations":[{"start":{"line":222,"column":37},"end":{"line":222,"column":null}},{"start":{"line":223,"column":40},"end":{"line":225,"column":null}}],"line":222},"33":{"loc":{"start":{"line":227,"column":37},"end":{"line":256,"column":null}},"type":"binary-expr","locations":[{"start":{"line":227,"column":37},"end":{"line":227,"column":98}},{"start":{"line":227,"column":98},"end":{"line":256,"column":null}}],"line":227},"34":{"loc":{"start":{"line":257,"column":37},"end":{"line":260,"column":null}},"type":"binary-expr","locations":[{"start":{"line":257,"column":37},"end":{"line":257,"column":null}},{"start":{"line":258,"column":40},"end":{"line":260,"column":null}}],"line":257},"35":{"loc":{"start":{"line":262,"column":37},"end":{"line":291,"column":null}},"type":"binary-expr","locations":[{"start":{"line":262,"column":37},"end":{"line":262,"column":89}},{"start":{"line":262,"column":89},"end":{"line":291,"column":null}}],"line":262},"36":{"loc":{"start":{"line":292,"column":37},"end":{"line":295,"column":null}},"type":"binary-expr","locations":[{"start":{"line":292,"column":37},"end":{"line":292,"column":null}},{"start":{"line":293,"column":40},"end":{"line":295,"column":null}}],"line":292},"37":{"loc":{"start":{"line":297,"column":37},"end":{"line":333,"column":null}},"type":"binary-expr","locations":[{"start":{"line":297,"column":37},"end":{"line":297,"column":89}},{"start":{"line":297,"column":89},"end":{"line":333,"column":null}}],"line":297},"38":{"loc":{"start":{"line":334,"column":37},"end":{"line":337,"column":null}},"type":"binary-expr","locations":[{"start":{"line":334,"column":37},"end":{"line":334,"column":null}},{"start":{"line":335,"column":40},"end":{"line":337,"column":null}}],"line":334},"39":{"loc":{"start":{"line":342,"column":29},"end":{"line":412,"column":null}},"type":"binary-expr","locations":[{"start":{"line":342,"column":29},"end":{"line":342,"column":null}},{"start":{"line":343,"column":32},"end":{"line":412,"column":null}}],"line":342},"40":{"loc":{"start":{"line":353,"column":63},"end":{"line":353,"column":null}},"type":"binary-expr","locations":[{"start":{"line":353,"column":63},"end":{"line":353,"column":103}},{"start":{"line":353,"column":103},"end":{"line":353,"column":null}}],"line":353},"41":{"loc":{"start":{"line":367,"column":63},"end":{"line":367,"column":null}},"type":"binary-expr","locations":[{"start":{"line":367,"column":63},"end":{"line":367,"column":107}},{"start":{"line":367,"column":107},"end":{"line":367,"column":null}}],"line":367},"42":{"loc":{"start":{"line":386,"column":63},"end":{"line":386,"column":null}},"type":"binary-expr","locations":[{"start":{"line":386,"column":63},"end":{"line":386,"column":102}},{"start":{"line":386,"column":102},"end":{"line":386,"column":null}}],"line":386},"43":{"loc":{"start":{"line":400,"column":63},"end":{"line":400,"column":null}},"type":"binary-expr","locations":[{"start":{"line":400,"column":63},"end":{"line":400,"column":106}},{"start":{"line":400,"column":106},"end":{"line":400,"column":null}}],"line":400},"44":{"loc":{"start":{"line":415,"column":29},"end":{"line":448,"column":null}},"type":"binary-expr","locations":[{"start":{"line":415,"column":29},"end":{"line":415,"column":null}},{"start":{"line":416,"column":32},"end":{"line":448,"column":null}}],"line":415},"45":{"loc":{"start":{"line":451,"column":29},"end":{"line":483,"column":null}},"type":"binary-expr","locations":[{"start":{"line":451,"column":29},"end":{"line":451,"column":null}},{"start":{"line":452,"column":32},"end":{"line":483,"column":null}}],"line":451},"46":{"loc":{"start":{"line":459,"column":67},"end":{"line":459,"column":null}},"type":"binary-expr","locations":[{"start":{"line":459,"column":67},"end":{"line":459,"column":101}},{"start":{"line":459,"column":101},"end":{"line":459,"column":null}}],"line":459},"47":{"loc":{"start":{"line":460,"column":85},"end":{"line":460,"column":119}},"type":"binary-expr","locations":[{"start":{"line":460,"column":85},"end":{"line":460,"column":116}},{"start":{"line":460,"column":116},"end":{"line":460,"column":119}}],"line":460}},"s":{"0":1,"1":14,"2":14,"3":14,"4":14,"5":14,"6":1,"7":1,"8":0,"9":1,"10":14,"11":1,"12":1,"13":14,"14":42,"15":42,"16":1,"17":1,"18":1,"19":1,"20":1,"21":27,"22":1,"23":26,"24":26,"25":27,"26":27,"27":3,"28":0,"29":0,"30":3,"31":3,"32":23,"33":23,"34":26,"35":1,"36":72,"37":0,"38":72,"39":6,"40":66,"41":24,"42":42,"43":3,"44":39,"45":3,"46":36,"47":0,"48":36,"49":0,"50":36,"51":36,"52":1,"53":1,"54":1,"55":1,"56":1,"57":1,"58":1,"59":1,"60":1,"61":1,"62":1,"63":1,"64":1,"65":1,"66":1,"67":1,"68":1,"69":1,"70":1,"71":0,"72":0,"73":0,"74":0,"75":2,"76":1,"77":1,"78":6,"79":6,"80":6,"81":0,"82":0},"f":{"0":14,"1":1,"2":1,"3":42,"4":1,"5":1,"6":1,"7":1,"8":27,"9":1,"10":72,"11":36,"12":1,"13":1,"14":1,"15":1,"16":1,"17":1,"18":1,"19":1,"20":1,"21":1,"22":1,"23":1,"24":1,"25":1,"26":1,"27":1,"28":1,"29":1,"30":1,"31":0,"32":0,"33":0,"34":0,"35":2,"36":1,"37":1,"38":6,"39":0},"b":{"0":[0,1],"1":[1,0],"2":[1,26],"3":[27,1],"4":[26,23,0,0],"5":[3,23],"6":[0,3],"7":[3,1],"8":[0,0],"9":[0,0],"10":[0,23],"11":[23,12],"12":[0,23],"13":[23,12],"14":[0,0],"15":[3,23],"16":[6,8],"17":[0,72],"18":[72,72],"19":[6,66],"20":[24,42],"21":[66,24],"22":[3,39],"23":[42,7,6,6,5],"24":[3,36],"25":[39,7,7,6,5],"26":[0,36],"27":[36,7],"28":[0,36],"29":[36,7],"30":[36,0],"31":[6,1],"32":[6,1],"33":[6,1],"34":[6,1],"35":[6,1],"36":[6,1],"37":[6,1],"38":[6,1],"39":[6,6],"40":[6,0],"41":[6,6],"42":[6,6],"43":[6,6],"44":[6,6],"45":[6,6],"46":[6,6],"47":[6,6]},"meta":{"lastBranch":48,"lastFunction":40,"lastStatement":83,"seen":{"s:8:6:492:Infinity":0,"f:8:6:8:24":0,"s:44:8:45:Infinity":1,"s:48:26:48:Infinity":2,"s:49:26:49:Infinity":3,"s:51:10:51:Infinity":4,"s:53:10:57:Infinity":5,"f:53:10:53:34":1,"s:54:14:54:Infinity":6,"b:55:8:55:Infinity:undefined:undefined:undefined:undefined":0,"s:55:8:55:Infinity":7,"s:55:19:55:Infinity":8,"s:56:8:56:Infinity":9,"s:59:10:62:Infinity":10,"f:59:10:59:38":2,"s:60:8:60:Infinity":11,"s:61:8:61:Infinity":12,"s:64:4:490:Infinity":13,"f:70:35:70:40":3,"s:71:35:71:Infinity":14,"s:73:20:89:Infinity":15,"f:80:28:80:47":4,"b:81:32:81:Infinity:undefined:undefined:undefined:undefined":1,"s:81:32:81:Infinity":16,"s:81:45:81:Infinity":17,"f:83:28:83:48":5,"s:83:48:83:Infinity":18,"f:85:28:85:41":6,"s:85:47:85:Infinity":19,"f:86:28:86:43":7,"s:86:43:86:Infinity":20,"f:117:44:117:48":8,"b:118:28:120:Infinity:undefined:undefined:undefined:undefined":2,"s:118:28:120:Infinity":21,"b:118:32:118:54:118:54:118:86":3,"s:119:32:119:Infinity":22,"s:122:48:122:Infinity":23,"s:123:53:124:Infinity":24,"b:123:53:123:Infinity:124:36:124:58:124:58:124:73:124:73:124:Infinity":4,"s:128:52:128:Infinity":25,"b:130:28:141:Infinity:138:35:141:Infinity":5,"s:130:28:141:Infinity":26,"b:131:32:137:Infinity:134:39:137:Infinity":6,"s:131:32:137:Infinity":27,"b:131:36:131:51:131:51:131:71":7,"s:132:36:132:Infinity":28,"b:132:71:132:102:132:102:132:Infinity":8,"s:133:36:133:Infinity":29,"b:133:70:133:98:133:98:133:Infinity":9,"s:135:36:135:Infinity":30,"s:136:36:136:Infinity":31,"s:139:32:139:Infinity":32,"b:139:84:139:117:139:117:139:Infinity":10,"b:139:48:139:63:139:63:139:84":11,"s:140:32:140:Infinity":33,"b:140:89:140:139:140:139:140:Infinity":12,"b:140:52:140:67:140:67:140:89":13,"b:140:103:140:131:140:131:140:139":14,"s:143:28:157:Infinity":34,"f:147:36:147:51":9,"s:147:51:147:Infinity":35,"b:150:85:150:102:150:102:150:Infinity":15,"b:168:24:487:25:487:24:487:Infinity":16,"f:178:63:178:71":10,"b:180:40:180:Infinity:undefined:undefined:undefined:undefined":17,"s:180:40:180:Infinity":36,"b:180:44:180:66:180:66:180:85":18,"s:180:85:180:Infinity":37,"b:181:40:181:Infinity:undefined:undefined:undefined:undefined":19,"s:181:40:181:Infinity":38,"s:181:65:181:Infinity":39,"b:183:40:183:Infinity:undefined:undefined:undefined:undefined":20,"s:183:40:183:Infinity":40,"b:183:44:183:87:183:87:183:117":21,"s:183:117:183:Infinity":41,"b:184:40:186:Infinity:undefined:undefined:undefined:undefined":22,"s:184:40:186:Infinity":42,"b:184:44:184:98:184:98:184:123:184:123:184:146:184:146:184:170:184:170:184:193":23,"s:185:44:185:Infinity":43,"b:187:40:191:Infinity:undefined:undefined:undefined:undefined":24,"s:187:40:191:Infinity":44,"b:187:44:187:Infinity:188:44:188:68:188:68:188:90:188:90:188:117:188:117:188:Infinity":25,"s:190:44:190:Infinity":45,"b:192:40:194:Infinity:undefined:undefined:undefined:undefined":26,"s:192:40:194:Infinity":46,"b:192:44:192:96:192:96:192:119":27,"s:193:44:193:Infinity":47,"b:195:40:197:Infinity:undefined:undefined:undefined:undefined":28,"s:195:40:197:Infinity":48,"b:195:44:195:96:195:96:195:119":29,"s:196:44:196:Infinity":49,"s:198:40:198:Infinity":50,"f:199:39:199:44":11,"s:200:40:203:Infinity":51,"b:202:96:202:119:202:119:202:123":30,"b:205:37:205:90:205:90:221:Infinity":31,"f:205:105:205:110":12,"s:206:40:220:Infinity":52,"f:211:48:211:59":13,"s:211:65:211:Infinity":53,"f:216:48:216:63":14,"s:216:63:216:Infinity":54,"b:222:37:222:Infinity:223:40:225:Infinity":32,"b:227:37:227:98:227:98:256:Infinity":33,"f:227:114:227:119":15,"s:228:40:255:Infinity":55,"f:233:48:233:59":16,"s:233:65:233:Infinity":56,"f:239:48:239:59":17,"s:239:65:239:Infinity":57,"f:245:48:245:59":18,"s:245:65:245:Infinity":58,"f:251:48:251:63":19,"s:251:63:251:Infinity":59,"b:257:37:257:Infinity:258:40:260:Infinity":34,"b:262:37:262:89:262:89:291:Infinity":35,"f:262:106:262:111":20,"s:263:40:290:Infinity":60,"f:268:48:268:59":21,"s:268:65:268:Infinity":61,"f:274:48:274:59":22,"s:274:65:274:Infinity":62,"f:280:48:280:59":23,"s:280:65:280:Infinity":63,"f:286:48:286:63":24,"s:286:63:286:Infinity":64,"b:292:37:292:Infinity:293:40:295:Infinity":36,"b:297:37:297:89:297:89:333:Infinity":37,"f:297:106:297:111":25,"s:298:40:332:Infinity":65,"f:303:48:303:59":26,"s:303:65:303:Infinity":66,"f:309:48:309:59":27,"s:309:65:309:Infinity":67,"f:315:48:315:59":28,"s:315:65:315:Infinity":68,"f:322:48:322:59":29,"s:322:65:322:Infinity":69,"f:328:48:328:63":30,"s:328:63:328:Infinity":70,"b:334:37:334:Infinity:335:40:337:Infinity":38,"b:342:29:342:Infinity:343:32:412:Infinity":39,"b:353:63:353:103:353:103:353:Infinity":40,"f:354:56:354:67":31,"s:354:73:354:Infinity":71,"b:367:63:367:107:367:107:367:Infinity":41,"f:368:56:368:67":32,"s:368:73:368:Infinity":72,"b:386:63:386:102:386:102:386:Infinity":42,"f:387:56:387:67":33,"s:387:73:387:Infinity":73,"b:400:63:400:106:400:106:400:Infinity":43,"f:401:56:401:67":34,"s:401:73:401:Infinity":74,"b:415:29:415:Infinity:416:32:448:Infinity":44,"f:425:52:425:63":35,"s:425:69:425:Infinity":75,"f:433:52:433:63":36,"s:433:69:433:Infinity":76,"f:441:52:441:63":37,"s:441:69:441:Infinity":77,"b:451:29:451:Infinity:452:32:483:Infinity":45,"f:458:56:458:Infinity":38,"s:459:67:459:Infinity":78,"b:459:67:459:101:459:101:459:Infinity":46,"s:460:68:460:Infinity":79,"b:460:85:460:116:460:116:460:119":47,"s:461:52:475:Infinity":80,"f:469:64:469:75":39,"s:470:80:470:Infinity":81,"s:471:68:471:Infinity":82},"fnNames":{}}}
,"C:\\Users\\Cristopher\\Desktop\\pymeweb\\proyecto\\frontend\\src\\pages\\Login.jsx": {"path":"C:\\Users\\Cristopher\\Desktop\\pymeweb\\proyecto\\frontend\\src\\pages\\Login.jsx","statementMap":{"0":{"start":{"line":6,"column":6},"end":{"line":199,"column":null}},"1":{"start":{"line":13,"column":4},"end":{"line":14,"column":null}},"2":{"start":{"line":16,"column":2},"end":{"line":197,"column":null}}},"fnMap":{"0":{"name":"(anonymous_0)","decl":{"start":{"line":6,"column":6},"end":{"line":6,"column":20}},"loc":{"start":{"line":6,"column":20},"end":{"line":199,"column":null}},"line":6}},"branchMap":{"0":{"loc":{"start":{"line":104,"column":11},"end":{"line":107,"column":null}},"type":"binary-expr","locations":[{"start":{"line":104,"column":11},"end":{"line":104,"column":null}},{"start":{"line":105,"column":12},"end":{"line":107,"column":null}}],"line":104},"1":{"loc":{"start":{"line":110,"column":11},"end":{"line":113,"column":null}},"type":"binary-expr","locations":[{"start":{"line":110,"column":11},"end":{"line":110,"column":null}},{"start":{"line":111,"column":12},"end":{"line":113,"column":null}}],"line":110},"2":{"loc":{"start":{"line":178,"column":15},"end":{"line":178,"column":null}},"type":"cond-expr","locations":[{"start":{"line":178,"column":25},"end":{"line":178,"column":43}},{"start":{"line":178,"column":43},"end":{"line":178,"column":null}}],"line":178}},"s":{"0":1,"1":6,"2":6},"f":{"0":6},"b":{"0":[6,1],"1":[6,1],"2":[1,5]},"meta":{"lastBranch":3,"lastFunction":1,"lastStatement":3,"seen":{"s:6:6:199:Infinity":0,"f:6:6:6:20":0,"s:13:4:14:Infinity":1,"s:16:2:197:Infinity":2,"b:104:11:104:Infinity:105:12:107:Infinity":0,"b:110:11:110:Infinity:111:12:113:Infinity":1,"b:178:25:178:43:178:43:178:Infinity":2},"fnNames":{}}}
,"C:\\Users\\Cristopher\\Desktop\\pymeweb\\proyecto\\frontend\\src\\pages\\PaginaPublica.jsx": {"path":"C:\\Users\\Cristopher\\Desktop\\pymeweb\\proyecto\\frontend\\src\\pages\\PaginaPublica.jsx","statementMap":{"0":{"start":{"line":7,"column":6},"end":{"line":44,"column":null}},"1":{"start":{"line":8,"column":12},"end":{"line":8,"column":null}},"2":{"start":{"line":13,"column":8},"end":{"line":14,"column":null}},"3":{"start":{"line":16,"column":4},"end":{"line":42,"column":null}},"4":{"start":{"line":20,"column":16},"end":{"line":22,"column":null}},"5":{"start":{"line":21,"column":20},"end":{"line":21,"column":null}},"6":{"start":{"line":24,"column":36},"end":{"line":24,"column":null}},"7":{"start":{"line":25,"column":38},"end":{"line":27,"column":null}},"8":{"start":{"line":28,"column":42},"end":{"line":30,"column":null}},"9":{"start":{"line":32,"column":16},"end":{"line":39,"column":null}}},"fnMap":{"0":{"name":"(anonymous_0)","decl":{"start":{"line":7,"column":6},"end":{"line":7,"column":28}},"loc":{"start":{"line":7,"column":28},"end":{"line":44,"column":null}},"line":7},"1":{"name":"(anonymous_1)","decl":{"start":{"line":19,"column":32},"end":{"line":19,"column":36}},"loc":{"start":{"line":19,"column":47},"end":{"line":41,"column":13}},"line":19}},"branchMap":{"0":{"loc":{"start":{"line":20,"column":16},"end":{"line":22,"column":null}},"type":"if","locations":[{"start":{"line":20,"column":16},"end":{"line":22,"column":null}},{"start":{},"end":{}}],"line":20},"1":{"loc":{"start":{"line":20,"column":20},"end":{"line":20,"column":74}},"type":"binary-expr","locations":[{"start":{"line":20,"column":20},"end":{"line":20,"column":42}},{"start":{"line":20,"column":42},"end":{"line":20,"column":74}}],"line":20},"2":{"loc":{"start":{"line":25,"column":38},"end":{"line":27,"column":null}},"type":"cond-expr","locations":[{"start":{"line":26,"column":22},"end":{"line":26,"column":null}},{"start":{"line":27,"column":22},"end":{"line":27,"column":null}}],"line":25},"3":{"loc":{"start":{"line":25,"column":38},"end":{"line":25,"column":null}},"type":"binary-expr","locations":[{"start":{"line":25,"column":38},"end":{"line":25,"column":53}},{"start":{"line":25,"column":53},"end":{"line":25,"column":null}}],"line":25},"4":{"loc":{"start":{"line":28,"column":42},"end":{"line":30,"column":null}},"type":"cond-expr","locations":[{"start":{"line":29,"column":22},"end":{"line":29,"column":null}},{"start":{"line":30,"column":22},"end":{"line":30,"column":null}}],"line":28},"5":{"loc":{"start":{"line":28,"column":42},"end":{"line":28,"column":null}},"type":"binary-expr","locations":[{"start":{"line":28,"column":42},"end":{"line":28,"column":57}},{"start":{"line":28,"column":57},"end":{"line":28,"column":null}}],"line":28}},"s":{"0":1,"1":2,"2":2,"3":2,"4":6,"5":1,"6":5,"7":5,"8":6,"9":6},"f":{"0":2,"1":6},"b":{"0":[1,5],"1":[6,3],"2":[1,4],"3":[5,2],"4":[1,4],"5":[6,2]},"meta":{"lastBranch":6,"lastFunction":2,"lastStatement":10,"seen":{"s:7:6:44:Infinity":0,"f:7:6:7:28":0,"s:8:12:8:Infinity":1,"s:13:8:14:Infinity":2,"s:16:4:42:Infinity":3,"f:19:32:19:36":1,"b:20:16:22:Infinity:undefined:undefined:undefined:undefined":0,"s:20:16:22:Infinity":4,"b:20:20:20:42:20:42:20:74":1,"s:21:20:21:Infinity":5,"s:24:36:24:Infinity":6,"s:25:38:27:Infinity":7,"b:26:22:26:Infinity:27:22:27:Infinity":2,"b:25:38:25:53:25:53:25:Infinity":3,"s:28:42:30:Infinity":8,"b:29:22:29:Infinity:30:22:30:Infinity":4,"b:28:42:28:57:28:57:28:Infinity":5,"s:32:16:39:Infinity":9},"fnNames":{}}}
,"C:\\Users\\Cristopher\\Desktop\\pymeweb\\proyecto\\frontend\\src\\pages\\Registro.jsx": {"path":"C:\\Users\\Cristopher\\Desktop\\pymeweb\\proyecto\\frontend\\src\\pages\\Registro.jsx","statementMap":{"0":{"start":{"line":6,"column":6},"end":{"line":334,"column":null}},"1":{"start":{"line":15,"column":4},"end":{"line":16,"column":null}},"2":{"start":{"line":18,"column":2},"end":{"line":332,"column":null}}},"fnMap":{"0":{"name":"(anonymous_0)","decl":{"start":{"line":6,"column":6},"end":{"line":6,"column":23}},"loc":{"start":{"line":6,"column":23},"end":{"line":334,"column":null}},"line":6}},"branchMap":{"0":{"loc":{"start":{"line":106,"column":43},"end":{"line":106,"column":78}},"type":"cond-expr","locations":[{"start":{"line":106,"column":56},"end":{"line":106,"column":72}},{"start":{"line":106,"column":72},"end":{"line":106,"column":78}}],"line":106},"1":{"loc":{"start":{"line":112,"column":43},"end":{"line":112,"column":78}},"type":"cond-expr","locations":[{"start":{"line":112,"column":56},"end":{"line":112,"column":72}},{"start":{"line":112,"column":72},"end":{"line":112,"column":78}}],"line":112},"2":{"loc":{"start":{"line":118,"column":11},"end":{"line":121,"column":null}},"type":"binary-expr","locations":[{"start":{"line":118,"column":11},"end":{"line":118,"column":null}},{"start":{"line":119,"column":12},"end":{"line":121,"column":null}}],"line":118},"3":{"loc":{"start":{"line":126,"column":22},"end":{"line":126,"column":null}},"type":"cond-expr","locations":[{"start":{"line":126,"column":35},"end":{"line":126,"column":45}},{"start":{"line":126,"column":45},"end":{"line":126,"column":null}}],"line":126},"4":{"loc":{"start":{"line":129,"column":13},"end":{"line":310,"column":null}},"type":"cond-expr","locations":[{"start":{"line":131,"column":14},"end":{"line":206,"column":null}},{"start":{"line":206,"column":14},"end":{"line":310,"column":null}}],"line":129},"5":{"loc":{"start":{"line":279,"column":30},"end":{"line":279,"column":73}},"type":"binary-expr","locations":[{"start":{"line":279,"column":30},"end":{"line":279,"column":52}},{"start":{"line":279,"column":52},"end":{"line":279,"column":73}}],"line":279},"6":{"loc":{"start":{"line":284,"column":30},"end":{"line":284,"column":69}},"type":"binary-expr","locations":[{"start":{"line":284,"column":30},"end":{"line":284,"column":48}},{"start":{"line":284,"column":48},"end":{"line":284,"column":69}}],"line":284},"7":{"loc":{"start":{"line":305,"column":21},"end":{"line":305,"column":null}},"type":"cond-expr","locations":[{"start":{"line":305,"column":31},"end":{"line":305,"column":46}},{"start":{"line":305,"column":46},"end":{"line":305,"column":null}}],"line":305}},"s":{"0":1,"1":10,"2":10},"f":{"0":10},"b":{"0":[5,5],"1":[5,5],"2":[10,1],"3":[5,5],"4":[5,5],"5":[5,4],"6":[5,4],"7":[1,4]},"meta":{"lastBranch":8,"lastFunction":1,"lastStatement":3,"seen":{"s:6:6:334:Infinity":0,"f:6:6:6:23":0,"s:15:4:16:Infinity":1,"s:18:2:332:Infinity":2,"b:106:56:106:72:106:72:106:78":0,"b:112:56:112:72:112:72:112:78":1,"b:118:11:118:Infinity:119:12:121:Infinity":2,"b:126:35:126:45:126:45:126:Infinity":3,"b:131:14:206:Infinity:206:14:310:Infinity":4,"b:279:30:279:52:279:52:279:73":5,"b:284:30:284:48:284:48:284:69":6,"b:305:31:305:46:305:46:305:Infinity":7},"fnNames":{}}}
,"C:\\Users\\Cristopher\\Desktop\\pymeweb\\proyecto\\frontend\\src\\styles\\components\\RenderizadorSeccion.css": {"path":"C:\\Users\\Cristopher\\Desktop\\pymeweb\\proyecto\\frontend\\src\\styles\\components\\RenderizadorSeccion.css","statementMap":{},"fnMap":{},"branchMap":{},"s":{},"f":{},"b":{},"meta":{"lastBranch":0,"lastFunction":0,"lastStatement":0,"seen":{},"fnNames":{}}}
,"C:\\Users\\Cristopher\\Desktop\\pymeweb\\proyecto\\frontend\\src\\styles\\pages\\Auth.css": {"path":"C:\\Users\\Cristopher\\Desktop\\pymeweb\\proyecto\\frontend\\src\\styles\\pages\\Auth.css","statementMap":{},"fnMap":{},"branchMap":{},"s":{},"f":{},"b":{},"meta":{"lastBranch":0,"lastFunction":0,"lastStatement":0,"seen":{},"fnNames":{}}}
,"C:\\Users\\Cristopher\\Desktop\\pymeweb\\proyecto\\frontend\\src\\styles\\pages\\EditorWeb.css": {"path":"C:\\Users\\Cristopher\\Desktop\\pymeweb\\proyecto\\frontend\\src\\styles\\pages\\EditorWeb.css","statementMap":{},"fnMap":{},"branchMap":{},"s":{},"f":{},"b":{},"meta":{"lastBranch":0,"lastFunction":0,"lastStatement":0,"seen":{},"fnNames":{}}}
,"C:\\Users\\Cristopher\\Desktop\\pymeweb\\proyecto\\frontend\\src\\styles\\pages\\PaginaPublica.css": {"path":"C:\\Users\\Cristopher\\Desktop\\pymeweb\\proyecto\\frontend\\src\\styles\\pages\\PaginaPublica.css","statementMap":{},"fnMap":{},"branchMap":{},"s":{},"f":{},"b":{},"meta":{"lastBranch":0,"lastFunction":0,"lastStatement":0,"seen":{},"fnNames":{}}}
}
