{"C:\\Users\\Cristopher\\Desktop\\pymeweb\\proyecto\\frontend\\src\\components\\ProtectedRoute.jsx": {"path":"C:\\Users\\Cristopher\\Desktop\\pymeweb\\proyecto\\frontend\\src\\components\\ProtectedRoute.jsx","statementMap":{"0":{"start":{"line":5,"column":6},"end":{"line":13,"column":null}},"1":{"start":{"line":6,"column":20},"end":{"line":6,"column":null}},"2":{"start":{"line":8,"column":2},"end":{"line":10,"column":null}},"3":{"start":{"line":9,"column":4},"end":{"line":9,"column":null}},"4":{"start":{"line":12,"column":2},"end":{"line":12,"column":null}}},"fnMap":{"0":{"name":"(anonymous_0)","decl":{"start":{"line":5,"column":6},"end":{"line":5,"column":24}},"loc":{"start":{"line":5,"column":41},"end":{"line":13,"column":null}},"line":5}},"branchMap":{"0":{"loc":{"start":{"line":8,"column":2},"end":{"line":10,"column":null}},"type":"if","locations":[{"start":{"line":8,"column":2},"end":{"line":10,"column":null}},{"start":{},"end":{}}],"line":8}},"s":{"0":1,"1":2,"2":2,"3":1,"4":1},"f":{"0":2},"b":{"0":[1,1]},"meta":{"lastBranch":1,"lastFunction":1,"lastStatement":5,"seen":{"s:5:6:13:Infinity":0,"f:5:6:5:24":0,"s:6:20:6:Infinity":1,"b:8:2:10:Infinity:undefined:undefined:undefined:undefined":0,"s:8:2:10:Infinity":2,"s:9:4:9:Infinity":3,"s:12:2:12:Infinity":4},"fnNames":{}}}
,"C:\\Users\\Cristopher\\Desktop\\pymeweb\\proyecto\\frontend\\src\\components\\RenderizadorSeccion.jsx": {"path":"C:\\Users\\Cristopher\\Desktop\\pymeweb\\proyecto\\frontend\\src\\components\\RenderizadorSeccion.jsx","statementMap":{"0":{"start":{"line":4,"column":13},"end":{"line":27,"column":null}},"1":{"start":{"line":5,"column":24},"end":{"line":9,"column":null}},"2":{"start":{"line":11,"column":4},"end":{"line":11,"column":null}},"3":{"start":{"line":11,"column":21},"end":{"line":11,"column":null}},"4":{"start":{"line":13,"column":20},"end":{"line":13,"column":null}},"5":{"start":{"line":16,"column":27},"end":{"line":20,"column":null}},"6":{"start":{"line":22,"column":4},"end":{"line":25,"column":null}}},"fnMap":{"0":{"name":"(anonymous_0)","decl":{"start":{"line":4,"column":13},"end":{"line":4,"column":36}},"loc":{"start":{"line":4,"column":97},"end":{"line":27,"column":null}},"line":4}},"branchMap":{"0":{"loc":{"start":{"line":4,"column":66},"end":{"line":4,"column":97}},"type":"default-arg","locations":[{"start":{"line":4,"column":86},"end":{"line":4,"column":97}}],"line":4},"1":{"loc":{"start":{"line":11,"column":4},"end":{"line":11,"column":null}},"type":"if","locations":[{"start":{"line":11,"column":4},"end":{"line":11,"column":null}},{"start":{},"end":{}}],"line":11},"2":{"loc":{"start":{"line":13,"column":20},"end":{"line":13,"column":null}},"type":"binary-expr","locations":[{"start":{"line":13,"column":20},"end":{"line":13,"column":48}},{"start":{"line":13,"column":48},"end":{"line":13,"column":null}}],"line":13},"3":{"loc":{"start":{"line":17,"column":25},"end":{"line":17,"column":null}},"type":"binary-expr","locations":[{"start":{"line":17,"column":25},"end":{"line":17,"column":42}},{"start":{"line":17,"column":42},"end":{"line":17,"column":null}}],"line":17},"4":{"loc":{"start":{"line":18,"column":26},"end":{"line":18,"column":null}},"type":"binary-expr","locations":[{"start":{"line":18,"column":26},"end":{"line":18,"column":49}},{"start":{"line":18,"column":49},"end":{"line":18,"column":null}}],"line":18},"5":{"loc":{"start":{"line":19,"column":25},"end":{"line":19,"column":null}},"type":"binary-expr","locations":[{"start":{"line":19,"column":25},"end":{"line":19,"column":52}},{"start":{"line":19,"column":52},"end":{"line":19,"column":null}}],"line":19}},"s":{"0":1,"1":3,"2":3,"3":1,"4":2,"5":3,"6":3},"f":{"0":3},"b":{"0":[3],"1":[1,2],"2":[2,1],"3":[3,1],"4":[3,1],"5":[3,1]},"meta":{"lastBranch":6,"lastFunction":1,"lastStatement":7,"seen":{"s:4:13:27:Infinity":0,"f:4:13:4:36":0,"b:4:86:4:97":0,"s:5:24:9:Infinity":1,"b:11:4:11:Infinity:undefined:undefined:undefined:undefined":1,"s:11:4:11:Infinity":2,"s:11:21:11:Infinity":3,"s:13:20:13:Infinity":4,"b:13:20:13:48:13:48:13:Infinity":2,"s:16:27:20:Infinity":5,"b:17:25:17:42:17:42:17:Infinity":3,"b:18:26:18:49:18:49:18:Infinity":4,"b:19:25:19:52:19:52:19:Infinity":5,"s:22:4:25:Infinity":6},"fnNames":{}}}
,"C:\\Users\\Cristopher\\Desktop\\pymeweb\\proyecto\\frontend\\src\\pages\\EditorWeb.jsx": {"path":"C:\\Users\\Cristopher\\Desktop\\pymeweb\\proyecto\\frontend\\src\\pages\\EditorWeb.jsx","statementMap":{"0":{"start":{"line":8,"column":6},"end":{"line":364,"column":null}},"1":{"start":{"line":42,"column":8},"end":{"line":43,"column":null}},"2":{"start":{"line":45,"column":10},"end":{"line":45,"column":null}},"3":{"start":{"line":47,"column":10},"end":{"line":50,"column":null}},"4":{"start":{"line":48,"column":8},"end":{"line":48,"column":null}},"5":{"start":{"line":48,"column":24},"end":{"line":48,"column":null}},"6":{"start":{"line":49,"column":8},"end":{"line":49,"column":null}},"7":{"start":{"line":52,"column":10},"end":{"line":55,"column":null}},"8":{"start":{"line":53,"column":8},"end":{"line":53,"column":null}},"9":{"start":{"line":54,"column":8},"end":{"line":54,"column":null}},"10":{"start":{"line":57,"column":4},"end":{"line":362,"column":null}},"11":{"start":{"line":64,"column":35},"end":{"line":64,"column":null}},"12":{"start":{"line":66,"column":20},"end":{"line":82,"column":null}},"13":{"start":{"line":74,"column":32},"end":{"line":74,"column":null}},"14":{"start":{"line":74,"column":45},"end":{"line":74,"column":null}},"15":{"start":{"line":76,"column":48},"end":{"line":76,"column":null}},"16":{"start":{"line":78,"column":47},"end":{"line":78,"column":null}},"17":{"start":{"line":79,"column":43},"end":{"line":79,"column":null}},"18":{"start":{"line":111,"column":28},"end":{"line":113,"column":null}},"19":{"start":{"line":112,"column":32},"end":{"line":112,"column":null}},"20":{"start":{"line":115,"column":48},"end":{"line":115,"column":null}},"21":{"start":{"line":116,"column":53},"end":{"line":117,"column":null}},"22":{"start":{"line":119,"column":50},"end":{"line":121,"column":null}},"23":{"start":{"line":123,"column":54},"end":{"line":125,"column":null}},"24":{"start":{"line":127,"column":28},"end":{"line":141,"column":null}},"25":{"start":{"line":131,"column":51},"end":{"line":131,"column":null}},"26":{"start":{"line":163,"column":40},"end":{"line":163,"column":null}},"27":{"start":{"line":163,"column":65},"end":{"line":163,"column":null}},"28":{"start":{"line":164,"column":40},"end":{"line":166,"column":null}},"29":{"start":{"line":165,"column":44},"end":{"line":165,"column":null}},"30":{"start":{"line":167,"column":40},"end":{"line":171,"column":null}},"31":{"start":{"line":170,"column":44},"end":{"line":170,"column":null}},"32":{"start":{"line":172,"column":40},"end":{"line":174,"column":null}},"33":{"start":{"line":173,"column":44},"end":{"line":173,"column":null}},"34":{"start":{"line":175,"column":40},"end":{"line":177,"column":null}},"35":{"start":{"line":176,"column":44},"end":{"line":176,"column":null}},"36":{"start":{"line":178,"column":40},"end":{"line":178,"column":null}},"37":{"start":{"line":180,"column":40},"end":{"line":183,"column":null}},"38":{"start":{"line":186,"column":40},"end":{"line":200,"column":null}},"39":{"start":{"line":191,"column":65},"end":{"line":191,"column":null}},"40":{"start":{"line":196,"column":63},"end":{"line":196,"column":null}},"41":{"start":{"line":208,"column":40},"end":{"line":235,"column":null}},"42":{"start":{"line":213,"column":65},"end":{"line":213,"column":null}},"43":{"start":{"line":219,"column":65},"end":{"line":219,"column":null}},"44":{"start":{"line":225,"column":65},"end":{"line":225,"column":null}},"45":{"start":{"line":231,"column":63},"end":{"line":231,"column":null}},"46":{"start":{"line":243,"column":40},"end":{"line":270,"column":null}},"47":{"start":{"line":248,"column":65},"end":{"line":248,"column":null}},"48":{"start":{"line":254,"column":65},"end":{"line":254,"column":null}},"49":{"start":{"line":260,"column":65},"end":{"line":260,"column":null}},"50":{"start":{"line":266,"column":63},"end":{"line":266,"column":null}},"51":{"start":{"line":278,"column":40},"end":{"line":312,"column":null}},"52":{"start":{"line":283,"column":65},"end":{"line":283,"column":null}},"53":{"start":{"line":289,"column":65},"end":{"line":289,"column":null}},"54":{"start":{"line":295,"column":65},"end":{"line":295,"column":null}},"55":{"start":{"line":302,"column":65},"end":{"line":302,"column":null}},"56":{"start":{"line":308,"column":63},"end":{"line":308,"column":null}},"57":{"start":{"line":332,"column":69},"end":{"line":332,"column":null}},"58":{"start":{"line":340,"column":69},"end":{"line":340,"column":null}},"59":{"start":{"line":348,"column":69},"end":{"line":348,"column":null}}},"fnMap":{"0":{"name":"(anonymous_0)","decl":{"start":{"line":8,"column":6},"end":{"line":8,"column":24}},"loc":{"start":{"line":8,"column":24},"end":{"line":364,"column":null}},"line":8},"1":{"name":"(anonymous_1)","decl":{"start":{"line":47,"column":10},"end":{"line":47,"column":34}},"loc":{"start":{"line":47,"column":34},"end":{"line":50,"column":null}},"line":47},"2":{"name":"(anonymous_2)","decl":{"start":{"line":52,"column":10},"end":{"line":52,"column":38}},"loc":{"start":{"line":52,"column":38},"end":{"line":55,"column":null}},"line":52},"3":{"name":"(anonymous_3)","decl":{"start":{"line":63,"column":35},"end":{"line":63,"column":40}},"loc":{"start":{"line":63,"column":57},"end":{"line":84,"column":17}},"line":63},"4":{"name":"(anonymous_4)","decl":{"start":{"line":73,"column":28},"end":{"line":73,"column":47}},"loc":{"start":{"line":73,"column":47},"end":{"line":75,"column":null}},"line":73},"5":{"name":"(anonymous_5)","decl":{"start":{"line":76,"column":28},"end":{"line":76,"column":48}},"loc":{"start":{"line":76,"column":48},"end":{"line":76,"column":null}},"line":76},"6":{"name":"(anonymous_6)","decl":{"start":{"line":78,"column":28},"end":{"line":78,"column":41}},"loc":{"start":{"line":78,"column":47},"end":{"line":78,"column":null}},"line":78},"7":{"name":"(anonymous_7)","decl":{"start":{"line":79,"column":28},"end":{"line":79,"column":43}},"loc":{"start":{"line":79,"column":43},"end":{"line":79,"column":null}},"line":79},"8":{"name":"(anonymous_8)","decl":{"start":{"line":110,"column":44},"end":{"line":110,"column":48}},"loc":{"start":{"line":110,"column":59},"end":{"line":143,"column":25}},"line":110},"9":{"name":"(anonymous_9)","decl":{"start":{"line":131,"column":36},"end":{"line":131,"column":51}},"loc":{"start":{"line":131,"column":51},"end":{"line":131,"column":null}},"line":131},"10":{"name":"(anonymous_10)","decl":{"start":{"line":162,"column":63},"end":{"line":162,"column":71}},"loc":{"start":{"line":162,"column":81},"end":{"line":179,"column":37}},"line":162},"11":{"name":"(anonymous_11)","decl":{"start":{"line":179,"column":39},"end":{"line":179,"column":44}},"loc":{"start":{"line":180,"column":40},"end":{"line":183,"column":null}},"line":180},"12":{"name":"(anonymous_12)","decl":{"start":{"line":185,"column":105},"end":{"line":185,"column":110}},"loc":{"start":{"line":186,"column":40},"end":{"line":200,"column":null}},"line":186},"13":{"name":"(anonymous_13)","decl":{"start":{"line":191,"column":48},"end":{"line":191,"column":59}},"loc":{"start":{"line":191,"column":65},"end":{"line":191,"column":null}},"line":191},"14":{"name":"(anonymous_14)","decl":{"start":{"line":196,"column":48},"end":{"line":196,"column":63}},"loc":{"start":{"line":196,"column":63},"end":{"line":196,"column":null}},"line":196},"15":{"name":"(anonymous_15)","decl":{"start":{"line":207,"column":114},"end":{"line":207,"column":119}},"loc":{"start":{"line":208,"column":40},"end":{"line":235,"column":null}},"line":208},"16":{"name":"(anonymous_16)","decl":{"start":{"line":213,"column":48},"end":{"line":213,"column":59}},"loc":{"start":{"line":213,"column":65},"end":{"line":213,"column":null}},"line":213},"17":{"name":"(anonymous_17)","decl":{"start":{"line":219,"column":48},"end":{"line":219,"column":59}},"loc":{"start":{"line":219,"column":65},"end":{"line":219,"column":null}},"line":219},"18":{"name":"(anonymous_18)","decl":{"start":{"line":225,"column":48},"end":{"line":225,"column":59}},"loc":{"start":{"line":225,"column":65},"end":{"line":225,"column":null}},"line":225},"19":{"name":"(anonymous_19)","decl":{"start":{"line":231,"column":48},"end":{"line":231,"column":63}},"loc":{"start":{"line":231,"column":63},"end":{"line":231,"column":null}},"line":231},"20":{"name":"(anonymous_20)","decl":{"start":{"line":242,"column":106},"end":{"line":242,"column":111}},"loc":{"start":{"line":243,"column":40},"end":{"line":270,"column":null}},"line":243},"21":{"name":"(anonymous_21)","decl":{"start":{"line":248,"column":48},"end":{"line":248,"column":59}},"loc":{"start":{"line":248,"column":65},"end":{"line":248,"column":null}},"line":248},"22":{"name":"(anonymous_22)","decl":{"start":{"line":254,"column":48},"end":{"line":254,"column":59}},"loc":{"start":{"line":254,"column":65},"end":{"line":254,"column":null}},"line":254},"23":{"name":"(anonymous_23)","decl":{"start":{"line":260,"column":48},"end":{"line":260,"column":59}},"loc":{"start":{"line":260,"column":65},"end":{"line":260,"column":null}},"line":260},"24":{"name":"(anonymous_24)","decl":{"start":{"line":266,"column":48},"end":{"line":266,"column":63}},"loc":{"start":{"line":266,"column":63},"end":{"line":266,"column":null}},"line":266},"25":{"name":"(anonymous_25)","decl":{"start":{"line":277,"column":106},"end":{"line":277,"column":111}},"loc":{"start":{"line":278,"column":40},"end":{"line":312,"column":null}},"line":278},"26":{"name":"(anonymous_26)","decl":{"start":{"line":283,"column":48},"end":{"line":283,"column":59}},"loc":{"start":{"line":283,"column":65},"end":{"line":283,"column":null}},"line":283},"27":{"name":"(anonymous_27)","decl":{"start":{"line":289,"column":48},"end":{"line":289,"column":59}},"loc":{"start":{"line":289,"column":65},"end":{"line":289,"column":null}},"line":289},"28":{"name":"(anonymous_28)","decl":{"start":{"line":295,"column":48},"end":{"line":295,"column":59}},"loc":{"start":{"line":295,"column":65},"end":{"line":295,"column":null}},"line":295},"29":{"name":"(anonymous_29)","decl":{"start":{"line":302,"column":48},"end":{"line":302,"column":59}},"loc":{"start":{"line":302,"column":65},"end":{"line":302,"column":null}},"line":302},"30":{"name":"(anonymous_30)","decl":{"start":{"line":308,"column":48},"end":{"line":308,"column":63}},"loc":{"start":{"line":308,"column":63},"end":{"line":308,"column":null}},"line":308},"31":{"name":"(anonymous_31)","decl":{"start":{"line":332,"column":52},"end":{"line":332,"column":63}},"loc":{"start":{"line":332,"column":69},"end":{"line":332,"column":null}},"line":332},"32":{"name":"(anonymous_32)","decl":{"start":{"line":340,"column":52},"end":{"line":340,"column":63}},"loc":{"start":{"line":340,"column":69},"end":{"line":340,"column":null}},"line":340},"33":{"name":"(anonymous_33)","decl":{"start":{"line":348,"column":52},"end":{"line":348,"column":63}},"loc":{"start":{"line":348,"column":69},"end":{"line":348,"column":null}},"line":348}},"branchMap":{"0":{"loc":{"start":{"line":48,"column":8},"end":{"line":48,"column":null}},"type":"if","locations":[{"start":{"line":48,"column":8},"end":{"line":48,"column":null}},{"start":{},"end":{}}],"line":48},"1":{"loc":{"start":{"line":74,"column":32},"end":{"line":74,"column":null}},"type":"if","locations":[{"start":{"line":74,"column":32},"end":{"line":74,"column":null}},{"start":{},"end":{}}],"line":74},"2":{"loc":{"start":{"line":111,"column":28},"end":{"line":113,"column":null}},"type":"if","locations":[{"start":{"line":111,"column":28},"end":{"line":113,"column":null}},{"start":{},"end":{}}],"line":111},"3":{"loc":{"start":{"line":111,"column":32},"end":{"line":111,"column":86}},"type":"binary-expr","locations":[{"start":{"line":111,"column":32},"end":{"line":111,"column":54}},{"start":{"line":111,"column":54},"end":{"line":111,"column":86}}],"line":111},"4":{"loc":{"start":{"line":116,"column":53},"end":{"line":117,"column":null}},"type":"binary-expr","locations":[{"start":{"line":116,"column":53},"end":{"line":116,"column":null}},{"start":{"line":117,"column":36},"end":{"line":117,"column":58}},{"start":{"line":117,"column":58},"end":{"line":117,"column":73}},{"start":{"line":117,"column":73},"end":{"line":117,"column":null}}],"line":116},"5":{"loc":{"start":{"line":119,"column":50},"end":{"line":121,"column":null}},"type":"cond-expr","locations":[{"start":{"line":120,"column":34},"end":{"line":120,"column":null}},{"start":{"line":121,"column":34},"end":{"line":121,"column":null}}],"line":119},"6":{"loc":{"start":{"line":119,"column":50},"end":{"line":119,"column":null}},"type":"binary-expr","locations":[{"start":{"line":119,"column":50},"end":{"line":119,"column":65}},{"start":{"line":119,"column":65},"end":{"line":119,"column":null}}],"line":119},"7":{"loc":{"start":{"line":123,"column":54},"end":{"line":125,"column":null}},"type":"cond-expr","locations":[{"start":{"line":124,"column":34},"end":{"line":124,"column":null}},{"start":{"line":125,"column":34},"end":{"line":125,"column":null}}],"line":123},"8":{"loc":{"start":{"line":123,"column":54},"end":{"line":123,"column":null}},"type":"binary-expr","locations":[{"start":{"line":123,"column":54},"end":{"line":123,"column":69}},{"start":{"line":123,"column":69},"end":{"line":123,"column":null}}],"line":123},"9":{"loc":{"start":{"line":134,"column":66},"end":{"line":134,"column":null}},"type":"cond-expr","locations":[{"start":{"line":134,"column":85},"end":{"line":134,"column":102}},{"start":{"line":134,"column":102},"end":{"line":134,"column":null}}],"line":134},"10":{"loc":{"start":{"line":151,"column":21},"end":{"line":359,"column":null}},"type":"cond-expr","locations":[{"start":{"line":152,"column":24},"end":{"line":359,"column":25}},{"start":{"line":359,"column":24},"end":{"line":359,"column":null}}],"line":151},"11":{"loc":{"start":{"line":163,"column":40},"end":{"line":163,"column":null}},"type":"if","locations":[{"start":{"line":163,"column":40},"end":{"line":163,"column":null}},{"start":{},"end":{}}],"line":163},"12":{"loc":{"start":{"line":164,"column":40},"end":{"line":166,"column":null}},"type":"if","locations":[{"start":{"line":164,"column":40},"end":{"line":166,"column":null}},{"start":{},"end":{}}],"line":164},"13":{"loc":{"start":{"line":164,"column":44},"end":{"line":164,"column":193}},"type":"binary-expr","locations":[{"start":{"line":164,"column":44},"end":{"line":164,"column":98}},{"start":{"line":164,"column":98},"end":{"line":164,"column":123}},{"start":{"line":164,"column":123},"end":{"line":164,"column":146}},{"start":{"line":164,"column":146},"end":{"line":164,"column":170}},{"start":{"line":164,"column":170},"end":{"line":164,"column":193}}],"line":164},"14":{"loc":{"start":{"line":167,"column":40},"end":{"line":171,"column":null}},"type":"if","locations":[{"start":{"line":167,"column":40},"end":{"line":171,"column":null}},{"start":{},"end":{}}],"line":167},"15":{"loc":{"start":{"line":167,"column":44},"end":{"line":168,"column":null}},"type":"binary-expr","locations":[{"start":{"line":167,"column":44},"end":{"line":167,"column":null}},{"start":{"line":168,"column":44},"end":{"line":168,"column":68}},{"start":{"line":168,"column":68},"end":{"line":168,"column":90}},{"start":{"line":168,"column":90},"end":{"line":168,"column":117}},{"start":{"line":168,"column":117},"end":{"line":168,"column":null}}],"line":167},"16":{"loc":{"start":{"line":172,"column":40},"end":{"line":174,"column":null}},"type":"if","locations":[{"start":{"line":172,"column":40},"end":{"line":174,"column":null}},{"start":{},"end":{}}],"line":172},"17":{"loc":{"start":{"line":172,"column":44},"end":{"line":172,"column":119}},"type":"binary-expr","locations":[{"start":{"line":172,"column":44},"end":{"line":172,"column":96}},{"start":{"line":172,"column":96},"end":{"line":172,"column":119}}],"line":172},"18":{"loc":{"start":{"line":175,"column":40},"end":{"line":177,"column":null}},"type":"if","locations":[{"start":{"line":175,"column":40},"end":{"line":177,"column":null}},{"start":{},"end":{}}],"line":175},"19":{"loc":{"start":{"line":175,"column":44},"end":{"line":175,"column":119}},"type":"binary-expr","locations":[{"start":{"line":175,"column":44},"end":{"line":175,"column":96}},{"start":{"line":175,"column":96},"end":{"line":175,"column":119}}],"line":175},"20":{"loc":{"start":{"line":185,"column":37},"end":{"line":201,"column":null}},"type":"binary-expr","locations":[{"start":{"line":185,"column":37},"end":{"line":185,"column":90}},{"start":{"line":185,"column":90},"end":{"line":201,"column":null}}],"line":185},"21":{"loc":{"start":{"line":202,"column":37},"end":{"line":205,"column":null}},"type":"binary-expr","locations":[{"start":{"line":202,"column":37},"end":{"line":202,"column":null}},{"start":{"line":203,"column":40},"end":{"line":205,"column":null}}],"line":202},"22":{"loc":{"start":{"line":207,"column":37},"end":{"line":236,"column":null}},"type":"binary-expr","locations":[{"start":{"line":207,"column":37},"end":{"line":207,"column":98}},{"start":{"line":207,"column":98},"end":{"line":236,"column":null}}],"line":207},"23":{"loc":{"start":{"line":237,"column":37},"end":{"line":240,"column":null}},"type":"binary-expr","locations":[{"start":{"line":237,"column":37},"end":{"line":237,"column":null}},{"start":{"line":238,"column":40},"end":{"line":240,"column":null}}],"line":237},"24":{"loc":{"start":{"line":242,"column":37},"end":{"line":271,"column":null}},"type":"binary-expr","locations":[{"start":{"line":242,"column":37},"end":{"line":242,"column":89}},{"start":{"line":242,"column":89},"end":{"line":271,"column":null}}],"line":242},"25":{"loc":{"start":{"line":272,"column":37},"end":{"line":275,"column":null}},"type":"binary-expr","locations":[{"start":{"line":272,"column":37},"end":{"line":272,"column":null}},{"start":{"line":273,"column":40},"end":{"line":275,"column":null}}],"line":272},"26":{"loc":{"start":{"line":277,"column":37},"end":{"line":313,"column":null}},"type":"binary-expr","locations":[{"start":{"line":277,"column":37},"end":{"line":277,"column":89}},{"start":{"line":277,"column":89},"end":{"line":313,"column":null}}],"line":277},"27":{"loc":{"start":{"line":314,"column":37},"end":{"line":317,"column":null}},"type":"binary-expr","locations":[{"start":{"line":314,"column":37},"end":{"line":314,"column":null}},{"start":{"line":315,"column":40},"end":{"line":317,"column":null}}],"line":314},"28":{"loc":{"start":{"line":322,"column":29},"end":{"line":355,"column":null}},"type":"binary-expr","locations":[{"start":{"line":322,"column":29},"end":{"line":322,"column":null}},{"start":{"line":323,"column":32},"end":{"line":355,"column":null}}],"line":322}},"s":{"0":1,"1":14,"2":14,"3":14,"4":1,"5":0,"6":1,"7":14,"8":1,"9":1,"10":14,"11":42,"12":42,"13":1,"14":1,"15":1,"16":1,"17":1,"18":27,"19":1,"20":26,"21":26,"22":27,"23":27,"24":27,"25":1,"26":72,"27":6,"28":66,"29":4,"30":62,"31":4,"32":58,"33":1,"34":57,"35":1,"36":56,"37":56,"38":1,"39":1,"40":1,"41":1,"42":1,"43":1,"44":1,"45":1,"46":1,"47":1,"48":1,"49":1,"50":1,"51":1,"52":1,"53":1,"54":1,"55":1,"56":1,"57":2,"58":1,"59":1},"f":{"0":14,"1":1,"2":1,"3":42,"4":1,"5":1,"6":1,"7":1,"8":27,"9":1,"10":72,"11":56,"12":1,"13":1,"14":1,"15":1,"16":1,"17":1,"18":1,"19":1,"20":1,"21":1,"22":1,"23":1,"24":1,"25":1,"26":1,"27":1,"28":1,"29":1,"30":1,"31":2,"32":1,"33":1},"b":{"0":[0,1],"1":[1,0],"2":[1,26],"3":[27,1],"4":[26,23,0,0],"5":[0,26],"6":[27,13],"7":[0,26],"8":[27,13],"9":[3,23],"10":[6,8],"11":[6,66],"12":[4,62],"13":[66,11,10,9,8],"14":[4,58],"15":[62,11,10,9,8],"16":[1,57],"17":[58,11],"18":[1,56],"19":[57,11],"20":[6,1],"21":[6,1],"22":[6,1],"23":[6,1],"24":[6,1],"25":[6,1],"26":[6,1],"27":[6,1],"28":[6,6]},"meta":{"lastBranch":29,"lastFunction":34,"lastStatement":60,"seen":{"s:8:6:364:Infinity":0,"f:8:6:8:24":0,"s:42:8:43:Infinity":1,"s:45:10:45:Infinity":2,"s:47:10:50:Infinity":3,"f:47:10:47:34":1,"b:48:8:48:Infinity:undefined:undefined:undefined:undefined":0,"s:48:8:48:Infinity":4,"s:48:24:48:Infinity":5,"s:49:8:49:Infinity":6,"s:52:10:55:Infinity":7,"f:52:10:52:38":2,"s:53:8:53:Infinity":8,"s:54:8:54:Infinity":9,"s:57:4:362:Infinity":10,"f:63:35:63:40":3,"s:64:35:64:Infinity":11,"s:66:20:82:Infinity":12,"f:73:28:73:47":4,"b:74:32:74:Infinity:undefined:undefined:undefined:undefined":1,"s:74:32:74:Infinity":13,"s:74:45:74:Infinity":14,"f:76:28:76:48":5,"s:76:48:76:Infinity":15,"f:78:28:78:41":6,"s:78:47:78:Infinity":16,"f:79:28:79:43":7,"s:79:43:79:Infinity":17,"f:110:44:110:48":8,"b:111:28:113:Infinity:undefined:undefined:undefined:undefined":2,"s:111:28:113:Infinity":18,"b:111:32:111:54:111:54:111:86":3,"s:112:32:112:Infinity":19,"s:115:48:115:Infinity":20,"s:116:53:117:Infinity":21,"b:116:53:116:Infinity:117:36:117:58:117:58:117:73:117:73:117:Infinity":4,"s:119:50:121:Infinity":22,"b:120:34:120:Infinity:121:34:121:Infinity":5,"b:119:50:119:65:119:65:119:Infinity":6,"s:123:54:125:Infinity":23,"b:124:34:124:Infinity:125:34:125:Infinity":7,"b:123:54:123:69:123:69:123:Infinity":8,"s:127:28:141:Infinity":24,"f:131:36:131:51":9,"s:131:51:131:Infinity":25,"b:134:85:134:102:134:102:134:Infinity":9,"b:152:24:359:25:359:24:359:Infinity":10,"f:162:63:162:71":10,"b:163:40:163:Infinity:undefined:undefined:undefined:undefined":11,"s:163:40:163:Infinity":26,"s:163:65:163:Infinity":27,"b:164:40:166:Infinity:undefined:undefined:undefined:undefined":12,"s:164:40:166:Infinity":28,"b:164:44:164:98:164:98:164:123:164:123:164:146:164:146:164:170:164:170:164:193":13,"s:165:44:165:Infinity":29,"b:167:40:171:Infinity:undefined:undefined:undefined:undefined":14,"s:167:40:171:Infinity":30,"b:167:44:167:Infinity:168:44:168:68:168:68:168:90:168:90:168:117:168:117:168:Infinity":15,"s:170:44:170:Infinity":31,"b:172:40:174:Infinity:undefined:undefined:undefined:undefined":16,"s:172:40:174:Infinity":32,"b:172:44:172:96:172:96:172:119":17,"s:173:44:173:Infinity":33,"b:175:40:177:Infinity:undefined:undefined:undefined:undefined":18,"s:175:40:177:Infinity":34,"b:175:44:175:96:175:96:175:119":19,"s:176:44:176:Infinity":35,"s:178:40:178:Infinity":36,"f:179:39:179:44":11,"s:180:40:183:Infinity":37,"b:185:37:185:90:185:90:201:Infinity":20,"f:185:105:185:110":12,"s:186:40:200:Infinity":38,"f:191:48:191:59":13,"s:191:65:191:Infinity":39,"f:196:48:196:63":14,"s:196:63:196:Infinity":40,"b:202:37:202:Infinity:203:40:205:Infinity":21,"b:207:37:207:98:207:98:236:Infinity":22,"f:207:114:207:119":15,"s:208:40:235:Infinity":41,"f:213:48:213:59":16,"s:213:65:213:Infinity":42,"f:219:48:219:59":17,"s:219:65:219:Infinity":43,"f:225:48:225:59":18,"s:225:65:225:Infinity":44,"f:231:48:231:63":19,"s:231:63:231:Infinity":45,"b:237:37:237:Infinity:238:40:240:Infinity":23,"b:242:37:242:89:242:89:271:Infinity":24,"f:242:106:242:111":20,"s:243:40:270:Infinity":46,"f:248:48:248:59":21,"s:248:65:248:Infinity":47,"f:254:48:254:59":22,"s:254:65:254:Infinity":48,"f:260:48:260:59":23,"s:260:65:260:Infinity":49,"f:266:48:266:63":24,"s:266:63:266:Infinity":50,"b:272:37:272:Infinity:273:40:275:Infinity":25,"b:277:37:277:89:277:89:313:Infinity":26,"f:277:106:277:111":25,"s:278:40:312:Infinity":51,"f:283:48:283:59":26,"s:283:65:283:Infinity":52,"f:289:48:289:59":27,"s:289:65:289:Infinity":53,"f:295:48:295:59":28,"s:295:65:295:Infinity":54,"f:302:48:302:59":29,"s:302:65:302:Infinity":55,"f:308:48:308:63":30,"s:308:63:308:Infinity":56,"b:314:37:314:Infinity:315:40:317:Infinity":27,"b:322:29:322:Infinity:323:32:355:Infinity":28,"f:332:52:332:63":31,"s:332:69:332:Infinity":57,"f:340:52:340:63":32,"s:340:69:340:Infinity":58,"f:348:52:348:63":33,"s:348:69:348:Infinity":59},"fnNames":{}}}
,"C:\\Users\\Cristopher\\Desktop\\pymeweb\\proyecto\\frontend\\src\\pages\\Login.jsx": {"path":"C:\\Users\\Cristopher\\Desktop\\pymeweb\\proyecto\\frontend\\src\\pages\\Login.jsx","statementMap":{"0":{"start":{"line":6,"column":6},"end":{"line":199,"column":null}},"1":{"start":{"line":13,"column":4},"end":{"line":14,"column":null}},"2":{"start":{"line":16,"column":2},"end":{"line":197,"column":null}}},"fnMap":{"0":{"name":"(anonymous_0)","decl":{"start":{"line":6,"column":6},"end":{"line":6,"column":20}},"loc":{"start":{"line":6,"column":20},"end":{"line":199,"column":null}},"line":6}},"branchMap":{"0":{"loc":{"start":{"line":104,"column":11},"end":{"line":107,"column":null}},"type":"binary-expr","locations":[{"start":{"line":104,"column":11},"end":{"line":104,"column":null}},{"start":{"line":105,"column":12},"end":{"line":107,"column":null}}],"line":104},"1":{"loc":{"start":{"line":110,"column":11},"end":{"line":113,"column":null}},"type":"binary-expr","locations":[{"start":{"line":110,"column":11},"end":{"line":110,"column":null}},{"start":{"line":111,"column":12},"end":{"line":113,"column":null}}],"line":110},"2":{"loc":{"start":{"line":178,"column":15},"end":{"line":178,"column":null}},"type":"cond-expr","locations":[{"start":{"line":178,"column":25},"end":{"line":178,"column":43}},{"start":{"line":178,"column":43},"end":{"line":178,"column":null}}],"line":178}},"s":{"0":1,"1":6,"2":6},"f":{"0":6},"b":{"0":[6,1],"1":[6,1],"2":[1,5]},"meta":{"lastBranch":3,"lastFunction":1,"lastStatement":3,"seen":{"s:6:6:199:Infinity":0,"f:6:6:6:20":0,"s:13:4:14:Infinity":1,"s:16:2:197:Infinity":2,"b:104:11:104:Infinity:105:12:107:Infinity":0,"b:110:11:110:Infinity:111:12:113:Infinity":1,"b:178:25:178:43:178:43:178:Infinity":2},"fnNames":{}}}
,"C:\\Users\\Cristopher\\Desktop\\pymeweb\\proyecto\\frontend\\src\\pages\\PaginaPublica.jsx": {"path":"C:\\Users\\Cristopher\\Desktop\\pymeweb\\proyecto\\frontend\\src\\pages\\PaginaPublica.jsx","statementMap":{"0":{"start":{"line":7,"column":6},"end":{"line":44,"column":null}},"1":{"start":{"line":8,"column":12},"end":{"line":8,"column":null}},"2":{"start":{"line":13,"column":8},"end":{"line":14,"column":null}},"3":{"start":{"line":16,"column":4},"end":{"line":42,"column":null}},"4":{"start":{"line":20,"column":16},"end":{"line":22,"column":null}},"5":{"start":{"line":21,"column":20},"end":{"line":21,"column":null}},"6":{"start":{"line":24,"column":36},"end":{"line":24,"column":null}},"7":{"start":{"line":25,"column":38},"end":{"line":27,"column":null}},"8":{"start":{"line":28,"column":42},"end":{"line":30,"column":null}},"9":{"start":{"line":32,"column":16},"end":{"line":39,"column":null}}},"fnMap":{"0":{"name":"(anonymous_0)","decl":{"start":{"line":7,"column":6},"end":{"line":7,"column":28}},"loc":{"start":{"line":7,"column":28},"end":{"line":44,"column":null}},"line":7},"1":{"name":"(anonymous_1)","decl":{"start":{"line":19,"column":32},"end":{"line":19,"column":36}},"loc":{"start":{"line":19,"column":47},"end":{"line":41,"column":13}},"line":19}},"branchMap":{"0":{"loc":{"start":{"line":20,"column":16},"end":{"line":22,"column":null}},"type":"if","locations":[{"start":{"line":20,"column":16},"end":{"line":22,"column":null}},{"start":{},"end":{}}],"line":20},"1":{"loc":{"start":{"line":20,"column":20},"end":{"line":20,"column":74}},"type":"binary-expr","locations":[{"start":{"line":20,"column":20},"end":{"line":20,"column":42}},{"start":{"line":20,"column":42},"end":{"line":20,"column":74}}],"line":20},"2":{"loc":{"start":{"line":25,"column":38},"end":{"line":27,"column":null}},"type":"cond-expr","locations":[{"start":{"line":26,"column":22},"end":{"line":26,"column":null}},{"start":{"line":27,"column":22},"end":{"line":27,"column":null}}],"line":25},"3":{"loc":{"start":{"line":25,"column":38},"end":{"line":25,"column":null}},"type":"binary-expr","locations":[{"start":{"line":25,"column":38},"end":{"line":25,"column":53}},{"start":{"line":25,"column":53},"end":{"line":25,"column":null}}],"line":25},"4":{"loc":{"start":{"line":28,"column":42},"end":{"line":30,"column":null}},"type":"cond-expr","locations":[{"start":{"line":29,"column":22},"end":{"line":29,"column":null}},{"start":{"line":30,"column":22},"end":{"line":30,"column":null}}],"line":28},"5":{"loc":{"start":{"line":28,"column":42},"end":{"line":28,"column":null}},"type":"binary-expr","locations":[{"start":{"line":28,"column":42},"end":{"line":28,"column":57}},{"start":{"line":28,"column":57},"end":{"line":28,"column":null}}],"line":28}},"s":{"0":1,"1":2,"2":2,"3":2,"4":6,"5":1,"6":5,"7":5,"8":6,"9":6},"f":{"0":2,"1":6},"b":{"0":[1,5],"1":[6,3],"2":[1,4],"3":[5,2],"4":[1,4],"5":[6,2]},"meta":{"lastBranch":6,"lastFunction":2,"lastStatement":10,"seen":{"s:7:6:44:Infinity":0,"f:7:6:7:28":0,"s:8:12:8:Infinity":1,"s:13:8:14:Infinity":2,"s:16:4:42:Infinity":3,"f:19:32:19:36":1,"b:20:16:22:Infinity:undefined:undefined:undefined:undefined":0,"s:20:16:22:Infinity":4,"b:20:20:20:42:20:42:20:74":1,"s:21:20:21:Infinity":5,"s:24:36:24:Infinity":6,"s:25:38:27:Infinity":7,"b:26:22:26:Infinity:27:22:27:Infinity":2,"b:25:38:25:53:25:53:25:Infinity":3,"s:28:42:30:Infinity":8,"b:29:22:29:Infinity:30:22:30:Infinity":4,"b:28:42:28:57:28:57:28:Infinity":5,"s:32:16:39:Infinity":9},"fnNames":{}}}
,"C:\\Users\\Cristopher\\Desktop\\pymeweb\\proyecto\\frontend\\src\\pages\\Registro.jsx": {"path":"C:\\Users\\Cristopher\\Desktop\\pymeweb\\proyecto\\frontend\\src\\pages\\Registro.jsx","statementMap":{"0":{"start":{"line":6,"column":6},"end":{"line":334,"column":null}},"1":{"start":{"line":15,"column":4},"end":{"line":16,"column":null}},"2":{"start":{"line":18,"column":2},"end":{"line":332,"column":null}}},"fnMap":{"0":{"name":"(anonymous_0)","decl":{"start":{"line":6,"column":6},"end":{"line":6,"column":23}},"loc":{"start":{"line":6,"column":23},"end":{"line":334,"column":null}},"line":6}},"branchMap":{"0":{"loc":{"start":{"line":106,"column":43},"end":{"line":106,"column":78}},"type":"cond-expr","locations":[{"start":{"line":106,"column":56},"end":{"line":106,"column":72}},{"start":{"line":106,"column":72},"end":{"line":106,"column":78}}],"line":106},"1":{"loc":{"start":{"line":112,"column":43},"end":{"line":112,"column":78}},"type":"cond-expr","locations":[{"start":{"line":112,"column":56},"end":{"line":112,"column":72}},{"start":{"line":112,"column":72},"end":{"line":112,"column":78}}],"line":112},"2":{"loc":{"start":{"line":118,"column":11},"end":{"line":121,"column":null}},"type":"binary-expr","locations":[{"start":{"line":118,"column":11},"end":{"line":118,"column":null}},{"start":{"line":119,"column":12},"end":{"line":121,"column":null}}],"line":118},"3":{"loc":{"start":{"line":126,"column":22},"end":{"line":126,"column":null}},"type":"cond-expr","locations":[{"start":{"line":126,"column":35},"end":{"line":126,"column":45}},{"start":{"line":126,"column":45},"end":{"line":126,"column":null}}],"line":126},"4":{"loc":{"start":{"line":129,"column":13},"end":{"line":310,"column":null}},"type":"cond-expr","locations":[{"start":{"line":131,"column":14},"end":{"line":206,"column":null}},{"start":{"line":206,"column":14},"end":{"line":310,"column":null}}],"line":129},"5":{"loc":{"start":{"line":279,"column":30},"end":{"line":279,"column":73}},"type":"binary-expr","locations":[{"start":{"line":279,"column":30},"end":{"line":279,"column":52}},{"start":{"line":279,"column":52},"end":{"line":279,"column":73}}],"line":279},"6":{"loc":{"start":{"line":284,"column":30},"end":{"line":284,"column":69}},"type":"binary-expr","locations":[{"start":{"line":284,"column":30},"end":{"line":284,"column":48}},{"start":{"line":284,"column":48},"end":{"line":284,"column":69}}],"line":284},"7":{"loc":{"start":{"line":305,"column":21},"end":{"line":305,"column":null}},"type":"cond-expr","locations":[{"start":{"line":305,"column":31},"end":{"line":305,"column":46}},{"start":{"line":305,"column":46},"end":{"line":305,"column":null}}],"line":305}},"s":{"0":1,"1":10,"2":10},"f":{"0":10},"b":{"0":[5,5],"1":[5,5],"2":[10,1],"3":[5,5],"4":[5,5],"5":[5,4],"6":[5,4],"7":[1,4]},"meta":{"lastBranch":8,"lastFunction":1,"lastStatement":3,"seen":{"s:6:6:334:Infinity":0,"f:6:6:6:23":0,"s:15:4:16:Infinity":1,"s:18:2:332:Infinity":2,"b:106:56:106:72:106:72:106:78":0,"b:112:56:112:72:112:72:112:78":1,"b:118:11:118:Infinity:119:12:121:Infinity":2,"b:126:35:126:45:126:45:126:Infinity":3,"b:131:14:206:Infinity:206:14:310:Infinity":4,"b:279:30:279:52:279:52:279:73":5,"b:284:30:284:48:284:48:284:69":6,"b:305:31:305:46:305:46:305:Infinity":7},"fnNames":{}}}
,"C:\\Users\\Cristopher\\Desktop\\pymeweb\\proyecto\\frontend\\src\\styles\\pages\\Auth.css": {"path":"C:\\Users\\Cristopher\\Desktop\\pymeweb\\proyecto\\frontend\\src\\styles\\pages\\Auth.css","statementMap":{},"fnMap":{},"branchMap":{},"s":{},"f":{},"b":{},"meta":{"lastBranch":0,"lastFunction":0,"lastStatement":0,"seen":{},"fnNames":{}}}
,"C:\\Users\\Cristopher\\Desktop\\pymeweb\\proyecto\\frontend\\src\\styles\\pages\\EditorWeb.css": {"path":"C:\\Users\\Cristopher\\Desktop\\pymeweb\\proyecto\\frontend\\src\\styles\\pages\\EditorWeb.css","statementMap":{},"fnMap":{},"branchMap":{},"s":{},"f":{},"b":{},"meta":{"lastBranch":0,"lastFunction":0,"lastStatement":0,"seen":{},"fnNames":{}}}
,"C:\\Users\\Cristopher\\Desktop\\pymeweb\\proyecto\\frontend\\src\\styles\\pages\\PaginaPublica.css": {"path":"C:\\Users\\Cristopher\\Desktop\\pymeweb\\proyecto\\frontend\\src\\styles\\pages\\PaginaPublica.css","statementMap":{},"fnMap":{},"branchMap":{},"s":{},"f":{},"b":{},"meta":{"lastBranch":0,"lastFunction":0,"lastStatement":0,"seen":{},"fnNames":{}}}
}
